[ 2016-08-22T10:36:22+08:00 ] /WEIBO/ | ERR: (ThinkException) 无法加载模块Index
[ 2016-08-22T10:38:47+08:00 ] /WEIBO/ | ERR: (ThinkException) 无法加载模块Index
[ 2016-08-22T10:39:06+08:00 ] /WEIBO/index.php/Admin/Login | ERR: (ThinkException) 无法加载模块Admin
[ 2016-08-22T10:39:14+08:00 ] /WEIBO/index.php/Login | INFO: Tag[ route_check ] --START--
[ 2016-08-22T10:39:14+08:00 ] /WEIBO/index.php/Login | INFO: Run CheckRoute Behavior [ RunTime:0.000785s ]
[ 2016-08-22T10:39:14+08:00 ] /WEIBO/index.php/Login | INFO: Tag[ route_check ] --END-- [ RunTime:0.000974s ]
[ 2016-08-22T10:39:14+08:00 ] /WEIBO/index.php/Login | NOTIC: [8192] preg_replace(): The /e modifier is deprecated, use preg_replace_callback instead Dispatcher.class.php 第 125 行.
[ 2016-08-22T10:39:14+08:00 ] /WEIBO/index.php/Login | INFO: Tag[ app_begin ] --START--
[ 2016-08-22T10:39:14+08:00 ] /WEIBO/index.php/Login | INFO: Run ReadHtmlCache Behavior [ RunTime:0.000800s ]
[ 2016-08-22T10:39:14+08:00 ] /WEIBO/index.php/Login | INFO: Tag[ app_begin ] --END-- [ RunTime:0.000886s ]
[ 2016-08-22T10:39:14+08:00 ] /WEIBO/index.php/Login | INFO: Tag[ view_template ] --START--
[ 2016-08-22T10:39:14+08:00 ] /WEIBO/index.php/Login | INFO: Run LocationTemplate Behavior [ RunTime:0.000958s ]
[ 2016-08-22T10:39:14+08:00 ] /WEIBO/index.php/Login | INFO: Tag[ view_template ] --END-- [ RunTime:0.001038s ]
[ 2016-08-22T10:39:14+08:00 ] /WEIBO/index.php/Login | INFO: Tag[ view_parse ] --START--
[ 2016-08-22T10:39:14+08:00 ] /WEIBO/index.php/Login | NOTIC: [8192] preg_replace(): The /e modifier is deprecated, use preg_replace_callback instead ThinkTemplate.class.php 第 186 行.
[ 2016-08-22T10:39:14+08:00 ] /WEIBO/index.php/Login | NOTIC: [8192] preg_replace(): The /e modifier is deprecated, use preg_replace_callback instead ThinkTemplate.class.php 第 406 行.
[ 2016-08-22T10:39:14+08:00 ] /WEIBO/index.php/Login | NOTIC: [8192] preg_replace(): The /e modifier is deprecated, use preg_replace_callback instead ThinkTemplate.class.php 第 406 行.
[ 2016-08-22T10:39:14+08:00 ] /WEIBO/index.php/Login | NOTIC: [8192] preg_replace(): The /e modifier is deprecated, use preg_replace_callback instead ThinkTemplate.class.php 第 406 行.
[ 2016-08-22T10:39:14+08:00 ] /WEIBO/index.php/Login | NOTIC: [8192] preg_replace(): The /e modifier is deprecated, use preg_replace_callback instead ThinkTemplate.class.php 第 406 行.
[ 2016-08-22T10:39:14+08:00 ] /WEIBO/index.php/Login | NOTIC: [8192] preg_replace(): The /e modifier is deprecated, use preg_replace_callback instead ThinkTemplate.class.php 第 406 行.
[ 2016-08-22T10:39:14+08:00 ] /WEIBO/index.php/Login | NOTIC: [8192] preg_replace(): The /e modifier is deprecated, use preg_replace_callback instead ThinkTemplate.class.php 第 406 行.
[ 2016-08-22T10:39:14+08:00 ] /WEIBO/index.php/Login | NOTIC: [8192] preg_replace(): The /e modifier is deprecated, use preg_replace_callback instead ThinkTemplate.class.php 第 406 行.
[ 2016-08-22T10:39:14+08:00 ] /WEIBO/index.php/Login | NOTIC: [8192] preg_replace(): The /e modifier is deprecated, use preg_replace_callback instead ThinkTemplate.class.php 第 406 行.
[ 2016-08-22T10:39:14+08:00 ] /WEIBO/index.php/Login | NOTIC: [8192] preg_replace(): The /e modifier is deprecated, use preg_replace_callback instead ThinkTemplate.class.php 第 406 行.
[ 2016-08-22T10:39:14+08:00 ] /WEIBO/index.php/Login | NOTIC: [8192] preg_replace(): The /e modifier is deprecated, use preg_replace_callback instead ThinkTemplate.class.php 第 402 行.
[ 2016-08-22T10:39:14+08:00 ] /WEIBO/index.php/Login | NOTIC: [8192] preg_replace(): The /e modifier is deprecated, use preg_replace_callback instead ThinkTemplate.class.php 第 402 行.
[ 2016-08-22T10:39:14+08:00 ] /WEIBO/index.php/Login | NOTIC: [8192] preg_replace(): The /e modifier is deprecated, use preg_replace_callback instead ThinkTemplate.class.php 第 406 行.
[ 2016-08-22T10:39:14+08:00 ] /WEIBO/index.php/Login | NOTIC: [8192] preg_replace(): The /e modifier is deprecated, use preg_replace_callback instead ThinkTemplate.class.php 第 406 行.
[ 2016-08-22T10:39:14+08:00 ] /WEIBO/index.php/Login | NOTIC: [8192] preg_replace(): The /e modifier is deprecated, use preg_replace_callback instead ThinkTemplate.class.php 第 406 行.
[ 2016-08-22T10:39:14+08:00 ] /WEIBO/index.php/Login | NOTIC: [8192] preg_replace(): The /e modifier is deprecated, use preg_replace_callback instead ThinkTemplate.class.php 第 402 行.
[ 2016-08-22T10:39:14+08:00 ] /WEIBO/index.php/Login | NOTIC: [8192] preg_replace(): The /e modifier is deprecated, use preg_replace_callback instead ThinkTemplate.class.php 第 406 行.
[ 2016-08-22T10:39:14+08:00 ] /WEIBO/index.php/Login | NOTIC: [8192] preg_replace(): The /e modifier is deprecated, use preg_replace_callback instead ThinkTemplate.class.php 第 406 行.
[ 2016-08-22T10:39:14+08:00 ] /WEIBO/index.php/Login | NOTIC: [8192] preg_replace(): The /e modifier is deprecated, use preg_replace_callback instead ThinkTemplate.class.php 第 406 行.
[ 2016-08-22T10:39:14+08:00 ] /WEIBO/index.php/Login | NOTIC: [8192] preg_replace(): The /e modifier is deprecated, use preg_replace_callback instead ThinkTemplate.class.php 第 406 行.
[ 2016-08-22T10:39:14+08:00 ] /WEIBO/index.php/Login | NOTIC: [8192] preg_replace(): The /e modifier is deprecated, use preg_replace_callback instead ThinkTemplate.class.php 第 406 行.
[ 2016-08-22T10:39:14+08:00 ] /WEIBO/index.php/Login | NOTIC: [8192] preg_replace(): The /e modifier is deprecated, use preg_replace_callback instead ThinkTemplate.class.php 第 406 行.
[ 2016-08-22T10:39:14+08:00 ] /WEIBO/index.php/Login | NOTIC: [8192] preg_replace(): The /e modifier is deprecated, use preg_replace_callback instead ThinkTemplate.class.php 第 406 行.
[ 2016-08-22T10:39:14+08:00 ] /WEIBO/index.php/Login | NOTIC: [8192] preg_replace(): The /e modifier is deprecated, use preg_replace_callback instead ThinkTemplate.class.php 第 406 行.
[ 2016-08-22T10:39:14+08:00 ] /WEIBO/index.php/Login | NOTIC: [8192] preg_replace(): The /e modifier is deprecated, use preg_replace_callback instead ThinkTemplate.class.php 第 406 行.
[ 2016-08-22T10:39:14+08:00 ] /WEIBO/index.php/Login | NOTIC: [8192] preg_replace(): The /e modifier is deprecated, use preg_replace_callback instead ThinkTemplate.class.php 第 406 行.
[ 2016-08-22T10:39:14+08:00 ] /WEIBO/index.php/Login | NOTIC: [8192] preg_replace(): The /e modifier is deprecated, use preg_replace_callback instead ThinkTemplate.class.php 第 406 行.
[ 2016-08-22T10:39:14+08:00 ] /WEIBO/index.php/Login | NOTIC: [8192] preg_replace(): The /e modifier is deprecated, use preg_replace_callback instead ThinkTemplate.class.php 第 406 行.
[ 2016-08-22T10:39:14+08:00 ] /WEIBO/index.php/Login | NOTIC: [8192] preg_replace(): The /e modifier is deprecated, use preg_replace_callback instead ThinkTemplate.class.php 第 406 行.
[ 2016-08-22T10:39:14+08:00 ] /WEIBO/index.php/Login | NOTIC: [8192] preg_replace(): The /e modifier is deprecated, use preg_replace_callback instead ThinkTemplate.class.php 第 406 行.
[ 2016-08-22T10:39:14+08:00 ] /WEIBO/index.php/Login | NOTIC: [8192] preg_replace(): The /e modifier is deprecated, use preg_replace_callback instead ThinkTemplate.class.php 第 406 行.
[ 2016-08-22T10:39:14+08:00 ] /WEIBO/index.php/Login | NOTIC: [8192] preg_replace(): The /e modifier is deprecated, use preg_replace_callback instead ThinkTemplate.class.php 第 406 行.
[ 2016-08-22T10:39:14+08:00 ] /WEIBO/index.php/Login | NOTIC: [8192] preg_replace(): The /e modifier is deprecated, use preg_replace_callback instead ThinkTemplate.class.php 第 406 行.
[ 2016-08-22T10:39:14+08:00 ] /WEIBO/index.php/Login | NOTIC: [8192] preg_replace(): The /e modifier is deprecated, use preg_replace_callback instead ThinkTemplate.class.php 第 406 行.
[ 2016-08-22T10:39:14+08:00 ] /WEIBO/index.php/Login | NOTIC: [8192] preg_replace(): The /e modifier is deprecated, use preg_replace_callback instead ThinkTemplate.class.php 第 406 行.
[ 2016-08-22T10:39:14+08:00 ] /WEIBO/index.php/Login | NOTIC: [8192] preg_replace(): The /e modifier is deprecated, use preg_replace_callback instead ThinkTemplate.class.php 第 406 行.
[ 2016-08-22T10:39:14+08:00 ] /WEIBO/index.php/Login | NOTIC: [8192] preg_replace(): The /e modifier is deprecated, use preg_replace_callback instead ThinkTemplate.class.php 第 406 行.
[ 2016-08-22T10:39:14+08:00 ] /WEIBO/index.php/Login | NOTIC: [8192] preg_replace(): The /e modifier is deprecated, use preg_replace_callback instead ThinkTemplate.class.php 第 406 行.
[ 2016-08-22T10:39:14+08:00 ] /WEIBO/index.php/Login | NOTIC: [8192] preg_replace(): The /e modifier is deprecated, use preg_replace_callback instead ThinkTemplate.class.php 第 406 行.
[ 2016-08-22T10:39:14+08:00 ] /WEIBO/index.php/Login | NOTIC: [8192] preg_replace(): The /e modifier is deprecated, use preg_replace_callback instead ThinkTemplate.class.php 第 406 行.
[ 2016-08-22T10:39:14+08:00 ] /WEIBO/index.php/Login | NOTIC: [8192] preg_replace(): The /e modifier is deprecated, use preg_replace_callback instead ThinkTemplate.class.php 第 406 行.
[ 2016-08-22T10:39:14+08:00 ] /WEIBO/index.php/Login | NOTIC: [8192] preg_replace(): The /e modifier is deprecated, use preg_replace_callback instead ThinkTemplate.class.php 第 406 行.
[ 2016-08-22T10:39:14+08:00 ] /WEIBO/index.php/Login | NOTIC: [8192] preg_replace(): The /e modifier is deprecated, use preg_replace_callback instead ThinkTemplate.class.php 第 406 行.
[ 2016-08-22T10:39:14+08:00 ] /WEIBO/index.php/Login | NOTIC: [8192] preg_replace(): The /e modifier is deprecated, use preg_replace_callback instead ThinkTemplate.class.php 第 406 行.
[ 2016-08-22T10:39:14+08:00 ] /WEIBO/index.php/Login | NOTIC: [8192] preg_replace(): The /e modifier is deprecated, use preg_replace_callback instead ThinkTemplate.class.php 第 406 行.
[ 2016-08-22T10:39:14+08:00 ] /WEIBO/index.php/Login | NOTIC: [8192] preg_replace(): The /e modifier is deprecated, use preg_replace_callback instead ThinkTemplate.class.php 第 406 行.
[ 2016-08-22T10:39:14+08:00 ] /WEIBO/index.php/Login | NOTIC: [8192] preg_replace(): The /e modifier is deprecated, use preg_replace_callback instead ThinkTemplate.class.php 第 406 行.
[ 2016-08-22T10:39:14+08:00 ] /WEIBO/index.php/Login | NOTIC: [8192] preg_replace(): The /e modifier is deprecated, use preg_replace_callback instead ThinkTemplate.class.php 第 406 行.
[ 2016-08-22T10:39:14+08:00 ] /WEIBO/index.php/Login | NOTIC: [8192] preg_replace(): The /e modifier is deprecated, use preg_replace_callback instead ThinkTemplate.class.php 第 406 行.
[ 2016-08-22T10:39:14+08:00 ] /WEIBO/index.php/Login | NOTIC: [8192] preg_replace(): The /e modifier is deprecated, use preg_replace_callback instead ThinkTemplate.class.php 第 406 行.
[ 2016-08-22T10:39:14+08:00 ] /WEIBO/index.php/Login | NOTIC: [8192] preg_replace(): The /e modifier is deprecated, use preg_replace_callback instead ThinkTemplate.class.php 第 406 行.
[ 2016-08-22T10:39:14+08:00 ] /WEIBO/index.php/Login | NOTIC: [8192] preg_replace(): The /e modifier is deprecated, use preg_replace_callback instead ThinkTemplate.class.php 第 406 行.
[ 2016-08-22T10:39:14+08:00 ] /WEIBO/index.php/Login | NOTIC: [8192] preg_replace(): The /e modifier is deprecated, use preg_replace_callback instead ThinkTemplate.class.php 第 406 行.
[ 2016-08-22T10:39:14+08:00 ] /WEIBO/index.php/Login | NOTIC: [8192] preg_replace(): The /e modifier is deprecated, use preg_replace_callback instead ThinkTemplate.class.php 第 406 行.
[ 2016-08-22T10:39:14+08:00 ] /WEIBO/index.php/Login | NOTIC: [8192] preg_replace(): The /e modifier is deprecated, use preg_replace_callback instead ThinkTemplate.class.php 第 406 行.
[ 2016-08-22T10:39:14+08:00 ] /WEIBO/index.php/Login | NOTIC: [8192] preg_replace(): The /e modifier is deprecated, use preg_replace_callback instead ThinkTemplate.class.php 第 406 行.
[ 2016-08-22T10:39:14+08:00 ] /WEIBO/index.php/Login | NOTIC: [8192] preg_replace(): The /e modifier is deprecated, use preg_replace_callback instead ThinkTemplate.class.php 第 406 行.
[ 2016-08-22T10:39:14+08:00 ] /WEIBO/index.php/Login | NOTIC: [8192] preg_replace(): The /e modifier is deprecated, use preg_replace_callback instead ThinkTemplate.class.php 第 406 行.
[ 2016-08-22T10:39:14+08:00 ] /WEIBO/index.php/Login | NOTIC: [8192] preg_replace(): The /e modifier is deprecated, use preg_replace_callback instead ThinkTemplate.class.php 第 406 行.
[ 2016-08-22T10:39:14+08:00 ] /WEIBO/index.php/Login | NOTIC: [8192] preg_replace(): The /e modifier is deprecated, use preg_replace_callback instead ThinkTemplate.class.php 第 406 行.
[ 2016-08-22T10:39:14+08:00 ] /WEIBO/index.php/Login | NOTIC: [8192] preg_replace(): The /e modifier is deprecated, use preg_replace_callback instead ThinkTemplate.class.php 第 406 行.
[ 2016-08-22T10:39:14+08:00 ] /WEIBO/index.php/Login | NOTIC: [8192] preg_replace(): The /e modifier is deprecated, use preg_replace_callback instead ThinkTemplate.class.php 第 406 行.
[ 2016-08-22T10:39:14+08:00 ] /WEIBO/index.php/Login | NOTIC: [8192] preg_replace(): The /e modifier is deprecated, use preg_replace_callback instead ThinkTemplate.class.php 第 406 行.
[ 2016-08-22T10:39:14+08:00 ] /WEIBO/index.php/Login | NOTIC: [8192] preg_replace(): The /e modifier is deprecated, use preg_replace_callback instead ThinkTemplate.class.php 第 406 行.
[ 2016-08-22T10:39:14+08:00 ] /WEIBO/index.php/Login | NOTIC: [8192] preg_replace(): The /e modifier is deprecated, use preg_replace_callback instead ThinkTemplate.class.php 第 406 行.
[ 2016-08-22T10:39:14+08:00 ] /WEIBO/index.php/Login | NOTIC: [8192] preg_replace(): The /e modifier is deprecated, use preg_replace_callback instead ThinkTemplate.class.php 第 406 行.
[ 2016-08-22T10:39:14+08:00 ] /WEIBO/index.php/Login | NOTIC: [8192] preg_replace(): The /e modifier is deprecated, use preg_replace_callback instead ThinkTemplate.class.php 第 406 行.
[ 2016-08-22T10:39:14+08:00 ] /WEIBO/index.php/Login | NOTIC: [8192] preg_replace(): The /e modifier is deprecated, use preg_replace_callback instead ThinkTemplate.class.php 第 406 行.
[ 2016-08-22T10:39:14+08:00 ] /WEIBO/index.php/Login | NOTIC: [8192] preg_replace(): The /e modifier is deprecated, use preg_replace_callback instead ThinkTemplate.class.php 第 406 行.
[ 2016-08-22T10:39:14+08:00 ] /WEIBO/index.php/Login | NOTIC: [8192] preg_replace(): The /e modifier is deprecated, use preg_replace_callback instead ThinkTemplate.class.php 第 406 行.
[ 2016-08-22T10:39:14+08:00 ] /WEIBO/index.php/Login | NOTIC: [8192] preg_replace(): The /e modifier is deprecated, use preg_replace_callback instead ThinkTemplate.class.php 第 406 行.
[ 2016-08-22T10:39:14+08:00 ] /WEIBO/index.php/Login | NOTIC: [8192] preg_replace(): The /e modifier is deprecated, use preg_replace_callback instead ThinkTemplate.class.php 第 406 行.
[ 2016-08-22T10:39:14+08:00 ] /WEIBO/index.php/Login | NOTIC: [8192] preg_replace(): The /e modifier is deprecated, use preg_replace_callback instead ThinkTemplate.class.php 第 406 行.
[ 2016-08-22T10:39:14+08:00 ] /WEIBO/index.php/Login | NOTIC: [8192] preg_replace(): The /e modifier is deprecated, use preg_replace_callback instead ThinkTemplate.class.php 第 406 行.
[ 2016-08-22T10:39:14+08:00 ] /WEIBO/index.php/Login | NOTIC: [8192] preg_replace(): The /e modifier is deprecated, use preg_replace_callback instead ThinkTemplate.class.php 第 406 行.
[ 2016-08-22T10:39:14+08:00 ] /WEIBO/index.php/Login | NOTIC: [8192] preg_replace(): The /e modifier is deprecated, use preg_replace_callback instead ThinkTemplate.class.php 第 406 行.
[ 2016-08-22T10:39:14+08:00 ] /WEIBO/index.php/Login | NOTIC: [8192] preg_replace(): The /e modifier is deprecated, use preg_replace_callback instead ThinkTemplate.class.php 第 406 行.
[ 2016-08-22T10:39:14+08:00 ] /WEIBO/index.php/Login | NOTIC: [8192] preg_replace(): The /e modifier is deprecated, use preg_replace_callback instead ThinkTemplate.class.php 第 406 行.
[ 2016-08-22T10:39:14+08:00 ] /WEIBO/index.php/Login | NOTIC: [8192] preg_replace(): The /e modifier is deprecated, use preg_replace_callback instead ThinkTemplate.class.php 第 406 行.
[ 2016-08-22T10:39:14+08:00 ] /WEIBO/index.php/Login | NOTIC: [8192] preg_replace(): The /e modifier is deprecated, use preg_replace_callback instead ThinkTemplate.class.php 第 406 行.
[ 2016-08-22T10:39:14+08:00 ] /WEIBO/index.php/Login | NOTIC: [8192] preg_replace(): The /e modifier is deprecated, use preg_replace_callback instead ThinkTemplate.class.php 第 406 行.
[ 2016-08-22T10:39:14+08:00 ] /WEIBO/index.php/Login | NOTIC: [8192] preg_replace(): The /e modifier is deprecated, use preg_replace_callback instead ThinkTemplate.class.php 第 406 行.
[ 2016-08-22T10:39:14+08:00 ] /WEIBO/index.php/Login | NOTIC: [8192] preg_replace(): The /e modifier is deprecated, use preg_replace_callback instead ThinkTemplate.class.php 第 402 行.
[ 2016-08-22T10:39:14+08:00 ] /WEIBO/index.php/Login | NOTIC: [8192] preg_replace(): The /e modifier is deprecated, use preg_replace_callback instead ThinkTemplate.class.php 第 402 行.
[ 2016-08-22T10:39:14+08:00 ] /WEIBO/index.php/Login | NOTIC: [8192] preg_replace(): The /e modifier is deprecated, use preg_replace_callback instead ThinkTemplate.class.php 第 402 行.
[ 2016-08-22T10:39:14+08:00 ] /WEIBO/index.php/Login | NOTIC: [8192] preg_replace(): The /e modifier is deprecated, use preg_replace_callback instead ThinkTemplate.class.php 第 402 行.
[ 2016-08-22T10:39:14+08:00 ] /WEIBO/index.php/Login | NOTIC: [8192] preg_replace(): The /e modifier is deprecated, use preg_replace_callback instead ThinkTemplate.class.php 第 402 行.
[ 2016-08-22T10:39:14+08:00 ] /WEIBO/index.php/Login | NOTIC: [8192] preg_replace(): The /e modifier is deprecated, use preg_replace_callback instead ThinkTemplate.class.php 第 402 行.
[ 2016-08-22T10:39:14+08:00 ] /WEIBO/index.php/Login | NOTIC: [8192] preg_replace(): The /e modifier is deprecated, use preg_replace_callback instead ThinkTemplate.class.php 第 406 行.
[ 2016-08-22T10:39:14+08:00 ] /WEIBO/index.php/Login | NOTIC: [8192] preg_replace(): The /e modifier is deprecated, use preg_replace_callback instead ThinkTemplate.class.php 第 406 行.
[ 2016-08-22T10:39:14+08:00 ] /WEIBO/index.php/Login | NOTIC: [8192] preg_replace(): The /e modifier is deprecated, use preg_replace_callback instead ThinkTemplate.class.php 第 406 行.
[ 2016-08-22T10:39:14+08:00 ] /WEIBO/index.php/Login | NOTIC: [8192] preg_replace(): The /e modifier is deprecated, use preg_replace_callback instead ThinkTemplate.class.php 第 220 行.
[ 2016-08-22T10:39:14+08:00 ] /WEIBO/index.php/Login | NOTIC: [8192] preg_replace(): The /e modifier is deprecated, use preg_replace_callback instead ThinkTemplate.class.php 第 154 行.
[ 2016-08-22T10:39:14+08:00 ] /WEIBO/index.php/Login | INFO: Run ParseTemplate Behavior [ RunTime:0.122720s ]
[ 2016-08-22T10:39:14+08:00 ] /WEIBO/index.php/Login | INFO: Tag[ view_parse ] --END-- [ RunTime:0.122783s ]
[ 2016-08-22T10:39:14+08:00 ] /WEIBO/index.php/Login | INFO: Tag[ view_filter ] --START--
[ 2016-08-22T10:39:14+08:00 ] /WEIBO/index.php/Login | INFO: Run ContentReplace Behavior [ RunTime:0.000655s ]
[ 2016-08-22T10:39:14+08:00 ] /WEIBO/index.php/Login | INFO: Run TokenBuild Behavior [ RunTime:0.021193s ]
[ 2016-08-22T10:39:14+08:00 ] /WEIBO/index.php/Login | INFO: Run WriteHtmlCache Behavior [ RunTime:0.001380s ]
[ 2016-08-22T10:39:14+08:00 ] /WEIBO/index.php/Login | INFO: Run ShowRuntime Behavior [ RunTime:0.001305s ]
[ 2016-08-22T10:39:14+08:00 ] /WEIBO/index.php/Login | INFO: Tag[ view_filter ] --END-- [ RunTime:0.026970s ]
[ 2016-08-22T10:39:14+08:00 ] /WEIBO/index.php/Login | INFO: Tag[ view_end ] --START--
[ 2016-08-22T10:39:14+08:00 ] /WEIBO/index.php/Login | INFO: Run ShowPageTrace Behavior [ RunTime:0.000796s ]
[ 2016-08-22T10:39:14+08:00 ] /WEIBO/index.php/Login | INFO: Tag[ view_end ] --END-- [ RunTime:0.000853s ]
[ 2016-08-22T10:39:21+08:00 ] /WEIBO/index.php/ | ERR: (ThinkException) 无法加载模块Index
