[ 2016-08-25T18:35:07+08:00 ] /WEIBO/index.php/Index/getMsg | ERR: (ThinkException) 非法操作getMsg
[ 2016-08-25T18:56:30+08:00 ] /WEIBO/ | INFO: Tag[ app_begin ] --START--
[ 2016-08-25T18:56:30+08:00 ] /WEIBO/ | INFO: Run ReadHtmlCache Behavior [ RunTime:0.001295s ]
[ 2016-08-25T18:56:30+08:00 ] /WEIBO/ | INFO: Tag[ app_begin ] --END-- [ RunTime:0.001512s ]
[ 2016-08-25T18:56:30+08:00 ] /WEIBO/ | INFO: Tag[ view_template ] --START--
[ 2016-08-25T18:56:30+08:00 ] /WEIBO/ | INFO: Run LocationTemplate Behavior [ RunTime:0.001404s ]
[ 2016-08-25T18:56:30+08:00 ] /WEIBO/ | INFO: Tag[ view_template ] --END-- [ RunTime:0.001517s ]
[ 2016-08-25T18:56:30+08:00 ] /WEIBO/ | INFO: Tag[ view_parse ] --START--
[ 2016-08-25T18:56:30+08:00 ] /WEIBO/ | NOTIC: [8192] preg_replace(): The /e modifier is deprecated, use preg_replace_callback instead ThinkTemplate.class.php 第 186 行.
[ 2016-08-25T18:56:30+08:00 ] /WEIBO/ | NOTIC: [8192] preg_replace(): The /e modifier is deprecated, use preg_replace_callback instead ThinkTemplate.class.php 第 406 行.
[ 2016-08-25T18:56:30+08:00 ] /WEIBO/ | NOTIC: [8192] preg_replace(): The /e modifier is deprecated, use preg_replace_callback instead ThinkTemplate.class.php 第 406 行.
[ 2016-08-25T18:56:30+08:00 ] /WEIBO/ | NOTIC: [8192] preg_replace(): The /e modifier is deprecated, use preg_replace_callback instead ThinkTemplate.class.php 第 406 行.
[ 2016-08-25T18:56:30+08:00 ] /WEIBO/ | NOTIC: [8192] preg_replace(): The /e modifier is deprecated, use preg_replace_callback instead ThinkTemplate.class.php 第 406 行.
[ 2016-08-25T18:56:30+08:00 ] /WEIBO/ | NOTIC: [8192] preg_replace(): The /e modifier is deprecated, use preg_replace_callback instead ThinkTemplate.class.php 第 406 行.
[ 2016-08-25T18:56:30+08:00 ] /WEIBO/ | NOTIC: [8192] preg_replace(): The /e modifier is deprecated, use preg_replace_callback instead ThinkTemplate.class.php 第 186 行.
[ 2016-08-25T18:56:30+08:00 ] /WEIBO/ | NOTIC: [8192] preg_replace(): The /e modifier is deprecated, use preg_replace_callback instead ThinkTemplate.class.php 第 406 行.
[ 2016-08-25T18:56:30+08:00 ] /WEIBO/ | NOTIC: [8192] preg_replace(): The /e modifier is deprecated, use preg_replace_callback instead ThinkTemplate.class.php 第 406 行.
[ 2016-08-25T18:56:30+08:00 ] /WEIBO/ | NOTIC: [8192] preg_replace(): The /e modifier is deprecated, use preg_replace_callback instead ThinkTemplate.class.php 第 406 行.
[ 2016-08-25T18:56:30+08:00 ] /WEIBO/ | NOTIC: [8192] preg_replace(): The /e modifier is deprecated, use preg_replace_callback instead ThinkTemplate.class.php 第 406 行.
[ 2016-08-25T18:56:30+08:00 ] /WEIBO/ | NOTIC: [8192] preg_replace(): The /e modifier is deprecated, use preg_replace_callback instead ThinkTemplate.class.php 第 406 行.
[ 2016-08-25T18:56:30+08:00 ] /WEIBO/ | NOTIC: [8192] preg_replace(): The /e modifier is deprecated, use preg_replace_callback instead ThinkTemplate.class.php 第 406 行.
[ 2016-08-25T18:56:30+08:00 ] /WEIBO/ | NOTIC: [8192] preg_replace(): The /e modifier is deprecated, use preg_replace_callback instead ThinkTemplate.class.php 第 406 行.
[ 2016-08-25T18:56:30+08:00 ] /WEIBO/ | NOTIC: [8192] preg_replace(): The /e modifier is deprecated, use preg_replace_callback instead ThinkTemplate.class.php 第 406 行.
[ 2016-08-25T18:56:30+08:00 ] /WEIBO/ | NOTIC: [8192] preg_replace(): The /e modifier is deprecated, use preg_replace_callback instead ThinkTemplate.class.php 第 406 行.
[ 2016-08-25T18:56:30+08:00 ] /WEIBO/ | NOTIC: [8192] preg_replace(): The /e modifier is deprecated, use preg_replace_callback instead ThinkTemplate.class.php 第 402 行.
[ 2016-08-25T18:56:30+08:00 ] /WEIBO/ | NOTIC: [8192] preg_replace(): The /e modifier is deprecated, use preg_replace_callback instead ThinkTemplate.class.php 第 402 行.
[ 2016-08-25T18:56:30+08:00 ] /WEIBO/ | NOTIC: [8192] preg_replace(): The /e modifier is deprecated, use preg_replace_callback instead ThinkTemplate.class.php 第 406 行.
[ 2016-08-25T18:56:30+08:00 ] /WEIBO/ | NOTIC: [8192] preg_replace(): The /e modifier is deprecated, use preg_replace_callback instead ThinkTemplate.class.php 第 406 行.
[ 2016-08-25T18:56:30+08:00 ] /WEIBO/ | NOTIC: [8192] preg_replace(): The /e modifier is deprecated, use preg_replace_callback instead ThinkTemplate.class.php 第 406 行.
[ 2016-08-25T18:56:30+08:00 ] /WEIBO/ | NOTIC: [8192] preg_replace(): The /e modifier is deprecated, use preg_replace_callback instead ThinkTemplate.class.php 第 402 行.
[ 2016-08-25T18:56:30+08:00 ] /WEIBO/ | NOTIC: [8192] preg_replace(): The /e modifier is deprecated, use preg_replace_callback instead ThinkTemplate.class.php 第 406 行.
[ 2016-08-25T18:56:30+08:00 ] /WEIBO/ | NOTIC: [8192] preg_replace(): The /e modifier is deprecated, use preg_replace_callback instead ThinkTemplate.class.php 第 406 行.
[ 2016-08-25T18:56:30+08:00 ] /WEIBO/ | NOTIC: [8192] preg_replace(): The /e modifier is deprecated, use preg_replace_callback instead ThinkTemplate.class.php 第 406 行.
[ 2016-08-25T18:56:30+08:00 ] /WEIBO/ | NOTIC: [8192] preg_replace(): The /e modifier is deprecated, use preg_replace_callback instead ThinkTemplate.class.php 第 406 行.
[ 2016-08-25T18:56:30+08:00 ] /WEIBO/ | NOTIC: [8192] preg_replace(): The /e modifier is deprecated, use preg_replace_callback instead ThinkTemplate.class.php 第 406 行.
[ 2016-08-25T18:56:30+08:00 ] /WEIBO/ | NOTIC: [8192] preg_replace(): The /e modifier is deprecated, use preg_replace_callback instead ThinkTemplate.class.php 第 406 行.
[ 2016-08-25T18:56:30+08:00 ] /WEIBO/ | NOTIC: [8192] preg_replace(): The /e modifier is deprecated, use preg_replace_callback instead ThinkTemplate.class.php 第 406 行.
[ 2016-08-25T18:56:30+08:00 ] /WEIBO/ | NOTIC: [8192] preg_replace(): The /e modifier is deprecated, use preg_replace_callback instead ThinkTemplate.class.php 第 406 行.
[ 2016-08-25T18:56:30+08:00 ] /WEIBO/ | NOTIC: [8192] preg_replace(): The /e modifier is deprecated, use preg_replace_callback instead ThinkTemplate.class.php 第 406 行.
[ 2016-08-25T18:56:30+08:00 ] /WEIBO/ | NOTIC: [8192] preg_replace(): The /e modifier is deprecated, use preg_replace_callback instead ThinkTemplate.class.php 第 406 行.
[ 2016-08-25T18:56:30+08:00 ] /WEIBO/ | NOTIC: [8192] preg_replace(): The /e modifier is deprecated, use preg_replace_callback instead ThinkTemplate.class.php 第 406 行.
[ 2016-08-25T18:56:30+08:00 ] /WEIBO/ | NOTIC: [8192] preg_replace(): The /e modifier is deprecated, use preg_replace_callback instead ThinkTemplate.class.php 第 406 行.
[ 2016-08-25T18:56:30+08:00 ] /WEIBO/ | NOTIC: [8192] preg_replace(): The /e modifier is deprecated, use preg_replace_callback instead ThinkTemplate.class.php 第 406 行.
[ 2016-08-25T18:56:30+08:00 ] /WEIBO/ | NOTIC: [8192] preg_replace(): The /e modifier is deprecated, use preg_replace_callback instead ThinkTemplate.class.php 第 406 行.
[ 2016-08-25T18:56:30+08:00 ] /WEIBO/ | NOTIC: [8192] preg_replace(): The /e modifier is deprecated, use preg_replace_callback instead ThinkTemplate.class.php 第 406 行.
[ 2016-08-25T18:56:30+08:00 ] /WEIBO/ | NOTIC: [8192] preg_replace(): The /e modifier is deprecated, use preg_replace_callback instead ThinkTemplate.class.php 第 406 行.
[ 2016-08-25T18:56:30+08:00 ] /WEIBO/ | NOTIC: [8192] preg_replace(): The /e modifier is deprecated, use preg_replace_callback instead ThinkTemplate.class.php 第 406 行.
[ 2016-08-25T18:56:30+08:00 ] /WEIBO/ | NOTIC: [8192] preg_replace(): The /e modifier is deprecated, use preg_replace_callback instead ThinkTemplate.class.php 第 406 行.
[ 2016-08-25T18:56:30+08:00 ] /WEIBO/ | NOTIC: [8192] preg_replace(): The /e modifier is deprecated, use preg_replace_callback instead ThinkTemplate.class.php 第 406 行.
[ 2016-08-25T18:56:30+08:00 ] /WEIBO/ | NOTIC: [8192] preg_replace(): The /e modifier is deprecated, use preg_replace_callback instead ThinkTemplate.class.php 第 406 行.
[ 2016-08-25T18:56:30+08:00 ] /WEIBO/ | NOTIC: [8192] preg_replace(): The /e modifier is deprecated, use preg_replace_callback instead ThinkTemplate.class.php 第 406 行.
[ 2016-08-25T18:56:30+08:00 ] /WEIBO/ | NOTIC: [8192] preg_replace(): The /e modifier is deprecated, use preg_replace_callback instead ThinkTemplate.class.php 第 406 行.
[ 2016-08-25T18:56:30+08:00 ] /WEIBO/ | NOTIC: [8192] preg_replace(): The /e modifier is deprecated, use preg_replace_callback instead ThinkTemplate.class.php 第 406 行.
[ 2016-08-25T18:56:30+08:00 ] /WEIBO/ | NOTIC: [8192] preg_replace(): The /e modifier is deprecated, use preg_replace_callback instead ThinkTemplate.class.php 第 406 行.
[ 2016-08-25T18:56:30+08:00 ] /WEIBO/ | NOTIC: [8192] preg_replace(): The /e modifier is deprecated, use preg_replace_callback instead ThinkTemplate.class.php 第 406 行.
[ 2016-08-25T18:56:30+08:00 ] /WEIBO/ | NOTIC: [8192] preg_replace(): The /e modifier is deprecated, use preg_replace_callback instead ThinkTemplate.class.php 第 406 行.
[ 2016-08-25T18:56:30+08:00 ] /WEIBO/ | NOTIC: [8192] preg_replace(): The /e modifier is deprecated, use preg_replace_callback instead ThinkTemplate.class.php 第 406 行.
[ 2016-08-25T18:56:30+08:00 ] /WEIBO/ | NOTIC: [8192] preg_replace(): The /e modifier is deprecated, use preg_replace_callback instead ThinkTemplate.class.php 第 406 行.
[ 2016-08-25T18:56:30+08:00 ] /WEIBO/ | NOTIC: [8192] preg_replace(): The /e modifier is deprecated, use preg_replace_callback instead ThinkTemplate.class.php 第 406 行.
[ 2016-08-25T18:56:30+08:00 ] /WEIBO/ | NOTIC: [8192] preg_replace(): The /e modifier is deprecated, use preg_replace_callback instead ThinkTemplate.class.php 第 406 行.
[ 2016-08-25T18:56:30+08:00 ] /WEIBO/ | NOTIC: [8192] preg_replace(): The /e modifier is deprecated, use preg_replace_callback instead ThinkTemplate.class.php 第 406 行.
[ 2016-08-25T18:56:30+08:00 ] /WEIBO/ | NOTIC: [8192] preg_replace(): The /e modifier is deprecated, use preg_replace_callback instead ThinkTemplate.class.php 第 406 行.
[ 2016-08-25T18:56:30+08:00 ] /WEIBO/ | NOTIC: [8192] preg_replace(): The /e modifier is deprecated, use preg_replace_callback instead ThinkTemplate.class.php 第 406 行.
[ 2016-08-25T18:56:30+08:00 ] /WEIBO/ | NOTIC: [8192] preg_replace(): The /e modifier is deprecated, use preg_replace_callback instead ThinkTemplate.class.php 第 406 行.
[ 2016-08-25T18:56:30+08:00 ] /WEIBO/ | NOTIC: [8192] preg_replace(): The /e modifier is deprecated, use preg_replace_callback instead ThinkTemplate.class.php 第 406 行.
[ 2016-08-25T18:56:30+08:00 ] /WEIBO/ | NOTIC: [8192] preg_replace(): The /e modifier is deprecated, use preg_replace_callback instead ThinkTemplate.class.php 第 406 行.
[ 2016-08-25T18:56:30+08:00 ] /WEIBO/ | NOTIC: [8192] preg_replace(): The /e modifier is deprecated, use preg_replace_callback instead ThinkTemplate.class.php 第 406 行.
[ 2016-08-25T18:56:30+08:00 ] /WEIBO/ | NOTIC: [8192] preg_replace(): The /e modifier is deprecated, use preg_replace_callback instead ThinkTemplate.class.php 第 406 行.
[ 2016-08-25T18:56:30+08:00 ] /WEIBO/ | NOTIC: [8192] preg_replace(): The /e modifier is deprecated, use preg_replace_callback instead ThinkTemplate.class.php 第 406 行.
[ 2016-08-25T18:56:30+08:00 ] /WEIBO/ | NOTIC: [8192] preg_replace(): The /e modifier is deprecated, use preg_replace_callback instead ThinkTemplate.class.php 第 406 行.
[ 2016-08-25T18:56:30+08:00 ] /WEIBO/ | NOTIC: [8192] preg_replace(): The /e modifier is deprecated, use preg_replace_callback instead ThinkTemplate.class.php 第 406 行.
[ 2016-08-25T18:56:30+08:00 ] /WEIBO/ | NOTIC: [8192] preg_replace(): The /e modifier is deprecated, use preg_replace_callback instead ThinkTemplate.class.php 第 406 行.
[ 2016-08-25T18:56:30+08:00 ] /WEIBO/ | NOTIC: [8192] preg_replace(): The /e modifier is deprecated, use preg_replace_callback instead ThinkTemplate.class.php 第 406 行.
[ 2016-08-25T18:56:30+08:00 ] /WEIBO/ | NOTIC: [8192] preg_replace(): The /e modifier is deprecated, use preg_replace_callback instead ThinkTemplate.class.php 第 406 行.
[ 2016-08-25T18:56:30+08:00 ] /WEIBO/ | NOTIC: [8192] preg_replace(): The /e modifier is deprecated, use preg_replace_callback instead ThinkTemplate.class.php 第 406 行.
[ 2016-08-25T18:56:30+08:00 ] /WEIBO/ | NOTIC: [8192] preg_replace(): The /e modifier is deprecated, use preg_replace_callback instead ThinkTemplate.class.php 第 406 行.
[ 2016-08-25T18:56:30+08:00 ] /WEIBO/ | NOTIC: [8192] preg_replace(): The /e modifier is deprecated, use preg_replace_callback instead ThinkTemplate.class.php 第 406 行.
[ 2016-08-25T18:56:30+08:00 ] /WEIBO/ | NOTIC: [8192] preg_replace(): The /e modifier is deprecated, use preg_replace_callback instead ThinkTemplate.class.php 第 406 行.
[ 2016-08-25T18:56:30+08:00 ] /WEIBO/ | NOTIC: [8192] preg_replace(): The /e modifier is deprecated, use preg_replace_callback instead ThinkTemplate.class.php 第 406 行.
[ 2016-08-25T18:56:30+08:00 ] /WEIBO/ | NOTIC: [8192] preg_replace(): The /e modifier is deprecated, use preg_replace_callback instead ThinkTemplate.class.php 第 406 行.
[ 2016-08-25T18:56:30+08:00 ] /WEIBO/ | NOTIC: [8192] preg_replace(): The /e modifier is deprecated, use preg_replace_callback instead ThinkTemplate.class.php 第 406 行.
[ 2016-08-25T18:56:30+08:00 ] /WEIBO/ | NOTIC: [8192] preg_replace(): The /e modifier is deprecated, use preg_replace_callback instead ThinkTemplate.class.php 第 406 行.
[ 2016-08-25T18:56:30+08:00 ] /WEIBO/ | NOTIC: [8192] preg_replace(): The /e modifier is deprecated, use preg_replace_callback instead ThinkTemplate.class.php 第 406 行.
[ 2016-08-25T18:56:30+08:00 ] /WEIBO/ | NOTIC: [8192] preg_replace(): The /e modifier is deprecated, use preg_replace_callback instead ThinkTemplate.class.php 第 406 行.
[ 2016-08-25T18:56:30+08:00 ] /WEIBO/ | NOTIC: [8192] preg_replace(): The /e modifier is deprecated, use preg_replace_callback instead ThinkTemplate.class.php 第 406 行.
[ 2016-08-25T18:56:30+08:00 ] /WEIBO/ | NOTIC: [8192] preg_replace(): The /e modifier is deprecated, use preg_replace_callback instead ThinkTemplate.class.php 第 406 行.
[ 2016-08-25T18:56:30+08:00 ] /WEIBO/ | NOTIC: [8192] preg_replace(): The /e modifier is deprecated, use preg_replace_callback instead ThinkTemplate.class.php 第 406 行.
[ 2016-08-25T18:56:30+08:00 ] /WEIBO/ | NOTIC: [8192] preg_replace(): The /e modifier is deprecated, use preg_replace_callback instead ThinkTemplate.class.php 第 406 行.
[ 2016-08-25T18:56:30+08:00 ] /WEIBO/ | NOTIC: [8192] preg_replace(): The /e modifier is deprecated, use preg_replace_callback instead ThinkTemplate.class.php 第 406 行.
[ 2016-08-25T18:56:30+08:00 ] /WEIBO/ | NOTIC: [8192] preg_replace(): The /e modifier is deprecated, use preg_replace_callback instead ThinkTemplate.class.php 第 406 行.
[ 2016-08-25T18:56:30+08:00 ] /WEIBO/ | NOTIC: [8192] preg_replace(): The /e modifier is deprecated, use preg_replace_callback instead ThinkTemplate.class.php 第 406 行.
[ 2016-08-25T18:56:30+08:00 ] /WEIBO/ | NOTIC: [8192] preg_replace(): The /e modifier is deprecated, use preg_replace_callback instead ThinkTemplate.class.php 第 406 行.
[ 2016-08-25T18:56:30+08:00 ] /WEIBO/ | NOTIC: [8192] preg_replace(): The /e modifier is deprecated, use preg_replace_callback instead ThinkTemplate.class.php 第 406 行.
[ 2016-08-25T18:56:30+08:00 ] /WEIBO/ | NOTIC: [8192] preg_replace(): The /e modifier is deprecated, use preg_replace_callback instead ThinkTemplate.class.php 第 406 行.
[ 2016-08-25T18:56:30+08:00 ] /WEIBO/ | NOTIC: [8192] preg_replace(): The /e modifier is deprecated, use preg_replace_callback instead ThinkTemplate.class.php 第 406 行.
[ 2016-08-25T18:56:30+08:00 ] /WEIBO/ | NOTIC: [8192] preg_replace(): The /e modifier is deprecated, use preg_replace_callback instead ThinkTemplate.class.php 第 406 行.
[ 2016-08-25T18:56:30+08:00 ] /WEIBO/ | NOTIC: [8192] preg_replace(): The /e modifier is deprecated, use preg_replace_callback instead ThinkTemplate.class.php 第 402 行.
[ 2016-08-25T18:56:30+08:00 ] /WEIBO/ | NOTIC: [8192] preg_replace(): The /e modifier is deprecated, use preg_replace_callback instead ThinkTemplate.class.php 第 402 行.
[ 2016-08-25T18:56:30+08:00 ] /WEIBO/ | NOTIC: [8192] preg_replace(): The /e modifier is deprecated, use preg_replace_callback instead ThinkTemplate.class.php 第 402 行.
[ 2016-08-25T18:56:30+08:00 ] /WEIBO/ | NOTIC: [8192] preg_replace(): The /e modifier is deprecated, use preg_replace_callback instead ThinkTemplate.class.php 第 402 行.
[ 2016-08-25T18:56:30+08:00 ] /WEIBO/ | NOTIC: [8192] preg_replace(): The /e modifier is deprecated, use preg_replace_callback instead ThinkTemplate.class.php 第 402 行.
[ 2016-08-25T18:56:30+08:00 ] /WEIBO/ | NOTIC: [8192] preg_replace(): The /e modifier is deprecated, use preg_replace_callback instead ThinkTemplate.class.php 第 402 行.
[ 2016-08-25T18:56:30+08:00 ] /WEIBO/ | NOTIC: [8192] preg_replace(): The /e modifier is deprecated, use preg_replace_callback instead ThinkTemplate.class.php 第 406 行.
[ 2016-08-25T18:56:30+08:00 ] /WEIBO/ | NOTIC: [8192] preg_replace(): The /e modifier is deprecated, use preg_replace_callback instead ThinkTemplate.class.php 第 406 行.
[ 2016-08-25T18:56:30+08:00 ] /WEIBO/ | NOTIC: [8192] preg_replace(): The /e modifier is deprecated, use preg_replace_callback instead ThinkTemplate.class.php 第 406 行.
[ 2016-08-25T18:56:30+08:00 ] /WEIBO/ | NOTIC: [8192] preg_replace(): The /e modifier is deprecated, use preg_replace_callback instead ThinkTemplate.class.php 第 220 行.
[ 2016-08-25T18:56:30+08:00 ] /WEIBO/ | NOTIC: [8192] preg_replace(): The /e modifier is deprecated, use preg_replace_callback instead ThinkTemplate.class.php 第 186 行.
[ 2016-08-25T18:56:30+08:00 ] /WEIBO/ | NOTIC: [8192] preg_replace(): The /e modifier is deprecated, use preg_replace_callback instead ThinkTemplate.class.php 第 406 行.
[ 2016-08-25T18:56:30+08:00 ] /WEIBO/ | NOTIC: [8192] preg_replace(): The /e modifier is deprecated, use preg_replace_callback instead ThinkTemplate.class.php 第 406 行.
[ 2016-08-25T18:56:30+08:00 ] /WEIBO/ | NOTIC: [8192] preg_replace(): The /e modifier is deprecated, use preg_replace_callback instead ThinkTemplate.class.php 第 406 行.
[ 2016-08-25T18:56:30+08:00 ] /WEIBO/ | NOTIC: [8192] preg_replace(): The /e modifier is deprecated, use preg_replace_callback instead ThinkTemplate.class.php 第 406 行.
[ 2016-08-25T18:56:30+08:00 ] /WEIBO/ | NOTIC: [8192] preg_replace(): The /e modifier is deprecated, use preg_replace_callback instead ThinkTemplate.class.php 第 406 行.
[ 2016-08-25T18:56:30+08:00 ] /WEIBO/ | NOTIC: [8192] preg_replace(): The /e modifier is deprecated, use preg_replace_callback instead ThinkTemplate.class.php 第 406 行.
[ 2016-08-25T18:56:30+08:00 ] /WEIBO/ | NOTIC: [8192] preg_replace(): The /e modifier is deprecated, use preg_replace_callback instead ThinkTemplate.class.php 第 406 行.
[ 2016-08-25T18:56:30+08:00 ] /WEIBO/ | NOTIC: [8192] preg_replace(): The /e modifier is deprecated, use preg_replace_callback instead ThinkTemplate.class.php 第 406 行.
[ 2016-08-25T18:56:30+08:00 ] /WEIBO/ | NOTIC: [8192] preg_replace(): The /e modifier is deprecated, use preg_replace_callback instead ThinkTemplate.class.php 第 406 行.
[ 2016-08-25T18:56:30+08:00 ] /WEIBO/ | NOTIC: [8192] preg_replace(): The /e modifier is deprecated, use preg_replace_callback instead ThinkTemplate.class.php 第 402 行.
[ 2016-08-25T18:56:30+08:00 ] /WEIBO/ | NOTIC: [8192] preg_replace(): The /e modifier is deprecated, use preg_replace_callback instead ThinkTemplate.class.php 第 402 行.
[ 2016-08-25T18:56:30+08:00 ] /WEIBO/ | NOTIC: [8192] preg_replace(): The /e modifier is deprecated, use preg_replace_callback instead ThinkTemplate.class.php 第 406 行.
[ 2016-08-25T18:56:30+08:00 ] /WEIBO/ | NOTIC: [8192] preg_replace(): The /e modifier is deprecated, use preg_replace_callback instead ThinkTemplate.class.php 第 406 行.
[ 2016-08-25T18:56:30+08:00 ] /WEIBO/ | NOTIC: [8192] preg_replace(): The /e modifier is deprecated, use preg_replace_callback instead ThinkTemplate.class.php 第 406 行.
[ 2016-08-25T18:56:30+08:00 ] /WEIBO/ | NOTIC: [8192] preg_replace(): The /e modifier is deprecated, use preg_replace_callback instead ThinkTemplate.class.php 第 402 行.
[ 2016-08-25T18:56:30+08:00 ] /WEIBO/ | NOTIC: [8192] preg_replace(): The /e modifier is deprecated, use preg_replace_callback instead ThinkTemplate.class.php 第 406 行.
[ 2016-08-25T18:56:30+08:00 ] /WEIBO/ | NOTIC: [8192] preg_replace(): The /e modifier is deprecated, use preg_replace_callback instead ThinkTemplate.class.php 第 406 行.
[ 2016-08-25T18:56:30+08:00 ] /WEIBO/ | NOTIC: [8192] preg_replace(): The /e modifier is deprecated, use preg_replace_callback instead ThinkTemplate.class.php 第 406 行.
[ 2016-08-25T18:56:30+08:00 ] /WEIBO/ | NOTIC: [8192] preg_replace(): The /e modifier is deprecated, use preg_replace_callback instead ThinkTemplate.class.php 第 406 行.
[ 2016-08-25T18:56:30+08:00 ] /WEIBO/ | NOTIC: [8192] preg_replace(): The /e modifier is deprecated, use preg_replace_callback instead ThinkTemplate.class.php 第 406 行.
[ 2016-08-25T18:56:30+08:00 ] /WEIBO/ | NOTIC: [8192] preg_replace(): The /e modifier is deprecated, use preg_replace_callback instead ThinkTemplate.class.php 第 406 行.
[ 2016-08-25T18:56:30+08:00 ] /WEIBO/ | NOTIC: [8192] preg_replace(): The /e modifier is deprecated, use preg_replace_callback instead ThinkTemplate.class.php 第 406 行.
[ 2016-08-25T18:56:30+08:00 ] /WEIBO/ | NOTIC: [8192] preg_replace(): The /e modifier is deprecated, use preg_replace_callback instead ThinkTemplate.class.php 第 406 行.
[ 2016-08-25T18:56:30+08:00 ] /WEIBO/ | NOTIC: [8192] preg_replace(): The /e modifier is deprecated, use preg_replace_callback instead ThinkTemplate.class.php 第 406 行.
[ 2016-08-25T18:56:30+08:00 ] /WEIBO/ | NOTIC: [8192] preg_replace(): The /e modifier is deprecated, use preg_replace_callback instead ThinkTemplate.class.php 第 406 行.
[ 2016-08-25T18:56:30+08:00 ] /WEIBO/ | NOTIC: [8192] preg_replace(): The /e modifier is deprecated, use preg_replace_callback instead ThinkTemplate.class.php 第 406 行.
[ 2016-08-25T18:56:30+08:00 ] /WEIBO/ | NOTIC: [8192] preg_replace(): The /e modifier is deprecated, use preg_replace_callback instead ThinkTemplate.class.php 第 406 行.
[ 2016-08-25T18:56:30+08:00 ] /WEIBO/ | NOTIC: [8192] preg_replace(): The /e modifier is deprecated, use preg_replace_callback instead ThinkTemplate.class.php 第 406 行.
[ 2016-08-25T18:56:30+08:00 ] /WEIBO/ | NOTIC: [8192] preg_replace(): The /e modifier is deprecated, use preg_replace_callback instead ThinkTemplate.class.php 第 406 行.
[ 2016-08-25T18:56:30+08:00 ] /WEIBO/ | NOTIC: [8192] preg_replace(): The /e modifier is deprecated, use preg_replace_callback instead ThinkTemplate.class.php 第 406 行.
[ 2016-08-25T18:56:30+08:00 ] /WEIBO/ | NOTIC: [8192] preg_replace(): The /e modifier is deprecated, use preg_replace_callback instead ThinkTemplate.class.php 第 406 行.
[ 2016-08-25T18:56:30+08:00 ] /WEIBO/ | NOTIC: [8192] preg_replace(): The /e modifier is deprecated, use preg_replace_callback instead ThinkTemplate.class.php 第 406 行.
[ 2016-08-25T18:56:30+08:00 ] /WEIBO/ | NOTIC: [8192] preg_replace(): The /e modifier is deprecated, use preg_replace_callback instead ThinkTemplate.class.php 第 406 行.
[ 2016-08-25T18:56:30+08:00 ] /WEIBO/ | NOTIC: [8192] preg_replace(): The /e modifier is deprecated, use preg_replace_callback instead ThinkTemplate.class.php 第 406 行.
[ 2016-08-25T18:56:30+08:00 ] /WEIBO/ | NOTIC: [8192] preg_replace(): The /e modifier is deprecated, use preg_replace_callback instead ThinkTemplate.class.php 第 406 行.
[ 2016-08-25T18:56:30+08:00 ] /WEIBO/ | NOTIC: [8192] preg_replace(): The /e modifier is deprecated, use preg_replace_callback instead ThinkTemplate.class.php 第 406 行.
[ 2016-08-25T18:56:30+08:00 ] /WEIBO/ | NOTIC: [8192] preg_replace(): The /e modifier is deprecated, use preg_replace_callback instead ThinkTemplate.class.php 第 406 行.
[ 2016-08-25T18:56:30+08:00 ] /WEIBO/ | NOTIC: [8192] preg_replace(): The /e modifier is deprecated, use preg_replace_callback instead ThinkTemplate.class.php 第 406 行.
[ 2016-08-25T18:56:30+08:00 ] /WEIBO/ | NOTIC: [8192] preg_replace(): The /e modifier is deprecated, use preg_replace_callback instead ThinkTemplate.class.php 第 406 行.
[ 2016-08-25T18:56:30+08:00 ] /WEIBO/ | NOTIC: [8192] preg_replace(): The /e modifier is deprecated, use preg_replace_callback instead ThinkTemplate.class.php 第 406 行.
[ 2016-08-25T18:56:30+08:00 ] /WEIBO/ | NOTIC: [8192] preg_replace(): The /e modifier is deprecated, use preg_replace_callback instead ThinkTemplate.class.php 第 406 行.
[ 2016-08-25T18:56:30+08:00 ] /WEIBO/ | NOTIC: [8192] preg_replace(): The /e modifier is deprecated, use preg_replace_callback instead ThinkTemplate.class.php 第 406 行.
[ 2016-08-25T18:56:30+08:00 ] /WEIBO/ | NOTIC: [8192] preg_replace(): The /e modifier is deprecated, use preg_replace_callback instead ThinkTemplate.class.php 第 406 行.
[ 2016-08-25T18:56:30+08:00 ] /WEIBO/ | NOTIC: [8192] preg_replace(): The /e modifier is deprecated, use preg_replace_callback instead ThinkTemplate.class.php 第 406 行.
[ 2016-08-25T18:56:30+08:00 ] /WEIBO/ | NOTIC: [8192] preg_replace(): The /e modifier is deprecated, use preg_replace_callback instead ThinkTemplate.class.php 第 406 行.
[ 2016-08-25T18:56:30+08:00 ] /WEIBO/ | NOTIC: [8192] preg_replace(): The /e modifier is deprecated, use preg_replace_callback instead ThinkTemplate.class.php 第 406 行.
[ 2016-08-25T18:56:30+08:00 ] /WEIBO/ | NOTIC: [8192] preg_replace(): The /e modifier is deprecated, use preg_replace_callback instead ThinkTemplate.class.php 第 406 行.
[ 2016-08-25T18:56:30+08:00 ] /WEIBO/ | NOTIC: [8192] preg_replace(): The /e modifier is deprecated, use preg_replace_callback instead ThinkTemplate.class.php 第 406 行.
[ 2016-08-25T18:56:30+08:00 ] /WEIBO/ | NOTIC: [8192] preg_replace(): The /e modifier is deprecated, use preg_replace_callback instead ThinkTemplate.class.php 第 406 行.
[ 2016-08-25T18:56:30+08:00 ] /WEIBO/ | NOTIC: [8192] preg_replace(): The /e modifier is deprecated, use preg_replace_callback instead ThinkTemplate.class.php 第 406 行.
[ 2016-08-25T18:56:30+08:00 ] /WEIBO/ | NOTIC: [8192] preg_replace(): The /e modifier is deprecated, use preg_replace_callback instead ThinkTemplate.class.php 第 406 行.
[ 2016-08-25T18:56:30+08:00 ] /WEIBO/ | NOTIC: [8192] preg_replace(): The /e modifier is deprecated, use preg_replace_callback instead ThinkTemplate.class.php 第 406 行.
[ 2016-08-25T18:56:30+08:00 ] /WEIBO/ | NOTIC: [8192] preg_replace(): The /e modifier is deprecated, use preg_replace_callback instead ThinkTemplate.class.php 第 406 行.
[ 2016-08-25T18:56:30+08:00 ] /WEIBO/ | NOTIC: [8192] preg_replace(): The /e modifier is deprecated, use preg_replace_callback instead ThinkTemplate.class.php 第 406 行.
[ 2016-08-25T18:56:30+08:00 ] /WEIBO/ | NOTIC: [8192] preg_replace(): The /e modifier is deprecated, use preg_replace_callback instead ThinkTemplate.class.php 第 406 行.
[ 2016-08-25T18:56:30+08:00 ] /WEIBO/ | NOTIC: [8192] preg_replace(): The /e modifier is deprecated, use preg_replace_callback instead ThinkTemplate.class.php 第 406 行.
[ 2016-08-25T18:56:30+08:00 ] /WEIBO/ | NOTIC: [8192] preg_replace(): The /e modifier is deprecated, use preg_replace_callback instead ThinkTemplate.class.php 第 406 行.
[ 2016-08-25T18:56:30+08:00 ] /WEIBO/ | NOTIC: [8192] preg_replace(): The /e modifier is deprecated, use preg_replace_callback instead ThinkTemplate.class.php 第 406 行.
[ 2016-08-25T18:56:30+08:00 ] /WEIBO/ | NOTIC: [8192] preg_replace(): The /e modifier is deprecated, use preg_replace_callback instead ThinkTemplate.class.php 第 406 行.
[ 2016-08-25T18:56:30+08:00 ] /WEIBO/ | NOTIC: [8192] preg_replace(): The /e modifier is deprecated, use preg_replace_callback instead ThinkTemplate.class.php 第 406 行.
[ 2016-08-25T18:56:30+08:00 ] /WEIBO/ | NOTIC: [8192] preg_replace(): The /e modifier is deprecated, use preg_replace_callback instead ThinkTemplate.class.php 第 406 行.
[ 2016-08-25T18:56:30+08:00 ] /WEIBO/ | NOTIC: [8192] preg_replace(): The /e modifier is deprecated, use preg_replace_callback instead ThinkTemplate.class.php 第 406 行.
[ 2016-08-25T18:56:30+08:00 ] /WEIBO/ | NOTIC: [8192] preg_replace(): The /e modifier is deprecated, use preg_replace_callback instead ThinkTemplate.class.php 第 406 行.
[ 2016-08-25T18:56:30+08:00 ] /WEIBO/ | NOTIC: [8192] preg_replace(): The /e modifier is deprecated, use preg_replace_callback instead ThinkTemplate.class.php 第 406 行.
[ 2016-08-25T18:56:30+08:00 ] /WEIBO/ | NOTIC: [8192] preg_replace(): The /e modifier is deprecated, use preg_replace_callback instead ThinkTemplate.class.php 第 406 行.
[ 2016-08-25T18:56:30+08:00 ] /WEIBO/ | NOTIC: [8192] preg_replace(): The /e modifier is deprecated, use preg_replace_callback instead ThinkTemplate.class.php 第 406 行.
[ 2016-08-25T18:56:30+08:00 ] /WEIBO/ | NOTIC: [8192] preg_replace(): The /e modifier is deprecated, use preg_replace_callback instead ThinkTemplate.class.php 第 406 行.
[ 2016-08-25T18:56:30+08:00 ] /WEIBO/ | NOTIC: [8192] preg_replace(): The /e modifier is deprecated, use preg_replace_callback instead ThinkTemplate.class.php 第 406 行.
[ 2016-08-25T18:56:30+08:00 ] /WEIBO/ | NOTIC: [8192] preg_replace(): The /e modifier is deprecated, use preg_replace_callback instead ThinkTemplate.class.php 第 406 行.
[ 2016-08-25T18:56:30+08:00 ] /WEIBO/ | NOTIC: [8192] preg_replace(): The /e modifier is deprecated, use preg_replace_callback instead ThinkTemplate.class.php 第 406 行.
[ 2016-08-25T18:56:30+08:00 ] /WEIBO/ | NOTIC: [8192] preg_replace(): The /e modifier is deprecated, use preg_replace_callback instead ThinkTemplate.class.php 第 406 行.
[ 2016-08-25T18:56:30+08:00 ] /WEIBO/ | NOTIC: [8192] preg_replace(): The /e modifier is deprecated, use preg_replace_callback instead ThinkTemplate.class.php 第 406 行.
[ 2016-08-25T18:56:30+08:00 ] /WEIBO/ | NOTIC: [8192] preg_replace(): The /e modifier is deprecated, use preg_replace_callback instead ThinkTemplate.class.php 第 406 行.
[ 2016-08-25T18:56:30+08:00 ] /WEIBO/ | NOTIC: [8192] preg_replace(): The /e modifier is deprecated, use preg_replace_callback instead ThinkTemplate.class.php 第 406 行.
[ 2016-08-25T18:56:30+08:00 ] /WEIBO/ | NOTIC: [8192] preg_replace(): The /e modifier is deprecated, use preg_replace_callback instead ThinkTemplate.class.php 第 406 行.
[ 2016-08-25T18:56:30+08:00 ] /WEIBO/ | NOTIC: [8192] preg_replace(): The /e modifier is deprecated, use preg_replace_callback instead ThinkTemplate.class.php 第 406 行.
[ 2016-08-25T18:56:30+08:00 ] /WEIBO/ | NOTIC: [8192] preg_replace(): The /e modifier is deprecated, use preg_replace_callback instead ThinkTemplate.class.php 第 406 行.
[ 2016-08-25T18:56:30+08:00 ] /WEIBO/ | NOTIC: [8192] preg_replace(): The /e modifier is deprecated, use preg_replace_callback instead ThinkTemplate.class.php 第 406 行.
[ 2016-08-25T18:56:30+08:00 ] /WEIBO/ | NOTIC: [8192] preg_replace(): The /e modifier is deprecated, use preg_replace_callback instead ThinkTemplate.class.php 第 406 行.
[ 2016-08-25T18:56:30+08:00 ] /WEIBO/ | NOTIC: [8192] preg_replace(): The /e modifier is deprecated, use preg_replace_callback instead ThinkTemplate.class.php 第 406 行.
[ 2016-08-25T18:56:30+08:00 ] /WEIBO/ | NOTIC: [8192] preg_replace(): The /e modifier is deprecated, use preg_replace_callback instead ThinkTemplate.class.php 第 406 行.
[ 2016-08-25T18:56:30+08:00 ] /WEIBO/ | NOTIC: [8192] preg_replace(): The /e modifier is deprecated, use preg_replace_callback instead ThinkTemplate.class.php 第 402 行.
[ 2016-08-25T18:56:30+08:00 ] /WEIBO/ | NOTIC: [8192] preg_replace(): The /e modifier is deprecated, use preg_replace_callback instead ThinkTemplate.class.php 第 402 行.
[ 2016-08-25T18:56:30+08:00 ] /WEIBO/ | NOTIC: [8192] preg_replace(): The /e modifier is deprecated, use preg_replace_callback instead ThinkTemplate.class.php 第 402 行.
[ 2016-08-25T18:56:30+08:00 ] /WEIBO/ | NOTIC: [8192] preg_replace(): The /e modifier is deprecated, use preg_replace_callback instead ThinkTemplate.class.php 第 402 行.
[ 2016-08-25T18:56:30+08:00 ] /WEIBO/ | NOTIC: [8192] preg_replace(): The /e modifier is deprecated, use preg_replace_callback instead ThinkTemplate.class.php 第 402 行.
[ 2016-08-25T18:56:30+08:00 ] /WEIBO/ | NOTIC: [8192] preg_replace(): The /e modifier is deprecated, use preg_replace_callback instead ThinkTemplate.class.php 第 402 行.
[ 2016-08-25T18:56:30+08:00 ] /WEIBO/ | NOTIC: [8192] preg_replace(): The /e modifier is deprecated, use preg_replace_callback instead ThinkTemplate.class.php 第 406 行.
[ 2016-08-25T18:56:30+08:00 ] /WEIBO/ | NOTIC: [8192] preg_replace(): The /e modifier is deprecated, use preg_replace_callback instead ThinkTemplate.class.php 第 406 行.
[ 2016-08-25T18:56:30+08:00 ] /WEIBO/ | NOTIC: [8192] preg_replace(): The /e modifier is deprecated, use preg_replace_callback instead ThinkTemplate.class.php 第 406 行.
[ 2016-08-25T18:56:30+08:00 ] /WEIBO/ | NOTIC: [8192] preg_replace(): The /e modifier is deprecated, use preg_replace_callback instead ThinkTemplate.class.php 第 220 行.
[ 2016-08-25T18:56:30+08:00 ] /WEIBO/ | NOTIC: [8192] preg_replace(): The /e modifier is deprecated, use preg_replace_callback instead ThinkTemplate.class.php 第 186 行.
[ 2016-08-25T18:56:30+08:00 ] /WEIBO/ | NOTIC: [8192] preg_replace(): The /e modifier is deprecated, use preg_replace_callback instead ThinkTemplate.class.php 第 406 行.
[ 2016-08-25T18:56:30+08:00 ] /WEIBO/ | NOTIC: [8192] preg_replace(): The /e modifier is deprecated, use preg_replace_callback instead ThinkTemplate.class.php 第 406 行.
[ 2016-08-25T18:56:30+08:00 ] /WEIBO/ | NOTIC: [8192] preg_replace(): The /e modifier is deprecated, use preg_replace_callback instead ThinkTemplate.class.php 第 406 行.
[ 2016-08-25T18:56:30+08:00 ] /WEIBO/ | NOTIC: [8192] preg_replace(): The /e modifier is deprecated, use preg_replace_callback instead ThinkTemplate.class.php 第 406 行.
[ 2016-08-25T18:56:30+08:00 ] /WEIBO/ | NOTIC: [8192] preg_replace(): The /e modifier is deprecated, use preg_replace_callback instead ThinkTemplate.class.php 第 406 行.
[ 2016-08-25T18:56:30+08:00 ] /WEIBO/ | NOTIC: [8192] preg_replace(): The /e modifier is deprecated, use preg_replace_callback instead ThinkTemplate.class.php 第 406 行.
[ 2016-08-25T18:56:30+08:00 ] /WEIBO/ | NOTIC: [8192] preg_replace(): The /e modifier is deprecated, use preg_replace_callback instead ThinkTemplate.class.php 第 406 行.
[ 2016-08-25T18:56:30+08:00 ] /WEIBO/ | NOTIC: [8192] preg_replace(): The /e modifier is deprecated, use preg_replace_callback instead ThinkTemplate.class.php 第 406 行.
[ 2016-08-25T18:56:30+08:00 ] /WEIBO/ | NOTIC: [8192] preg_replace(): The /e modifier is deprecated, use preg_replace_callback instead ThinkTemplate.class.php 第 406 行.
[ 2016-08-25T18:56:30+08:00 ] /WEIBO/ | NOTIC: [8192] preg_replace(): The /e modifier is deprecated, use preg_replace_callback instead ThinkTemplate.class.php 第 402 行.
[ 2016-08-25T18:56:30+08:00 ] /WEIBO/ | NOTIC: [8192] preg_replace(): The /e modifier is deprecated, use preg_replace_callback instead ThinkTemplate.class.php 第 402 行.
[ 2016-08-25T18:56:30+08:00 ] /WEIBO/ | NOTIC: [8192] preg_replace(): The /e modifier is deprecated, use preg_replace_callback instead ThinkTemplate.class.php 第 406 行.
[ 2016-08-25T18:56:30+08:00 ] /WEIBO/ | NOTIC: [8192] preg_replace(): The /e modifier is deprecated, use preg_replace_callback instead ThinkTemplate.class.php 第 406 行.
[ 2016-08-25T18:56:30+08:00 ] /WEIBO/ | NOTIC: [8192] preg_replace(): The /e modifier is deprecated, use preg_replace_callback instead ThinkTemplate.class.php 第 406 行.
[ 2016-08-25T18:56:30+08:00 ] /WEIBO/ | NOTIC: [8192] preg_replace(): The /e modifier is deprecated, use preg_replace_callback instead ThinkTemplate.class.php 第 402 行.
[ 2016-08-25T18:56:30+08:00 ] /WEIBO/ | NOTIC: [8192] preg_replace(): The /e modifier is deprecated, use preg_replace_callback instead ThinkTemplate.class.php 第 406 行.
[ 2016-08-25T18:56:30+08:00 ] /WEIBO/ | NOTIC: [8192] preg_replace(): The /e modifier is deprecated, use preg_replace_callback instead ThinkTemplate.class.php 第 406 行.
[ 2016-08-25T18:56:30+08:00 ] /WEIBO/ | NOTIC: [8192] preg_replace(): The /e modifier is deprecated, use preg_replace_callback instead ThinkTemplate.class.php 第 406 行.
[ 2016-08-25T18:56:30+08:00 ] /WEIBO/ | NOTIC: [8192] preg_replace(): The /e modifier is deprecated, use preg_replace_callback instead ThinkTemplate.class.php 第 406 行.
[ 2016-08-25T18:56:30+08:00 ] /WEIBO/ | NOTIC: [8192] preg_replace(): The /e modifier is deprecated, use preg_replace_callback instead ThinkTemplate.class.php 第 406 行.
[ 2016-08-25T18:56:30+08:00 ] /WEIBO/ | NOTIC: [8192] preg_replace(): The /e modifier is deprecated, use preg_replace_callback instead ThinkTemplate.class.php 第 406 行.
[ 2016-08-25T18:56:30+08:00 ] /WEIBO/ | NOTIC: [8192] preg_replace(): The /e modifier is deprecated, use preg_replace_callback instead ThinkTemplate.class.php 第 406 行.
[ 2016-08-25T18:56:30+08:00 ] /WEIBO/ | NOTIC: [8192] preg_replace(): The /e modifier is deprecated, use preg_replace_callback instead ThinkTemplate.class.php 第 406 行.
[ 2016-08-25T18:56:30+08:00 ] /WEIBO/ | NOTIC: [8192] preg_replace(): The /e modifier is deprecated, use preg_replace_callback instead ThinkTemplate.class.php 第 406 行.
[ 2016-08-25T18:56:30+08:00 ] /WEIBO/ | NOTIC: [8192] preg_replace(): The /e modifier is deprecated, use preg_replace_callback instead ThinkTemplate.class.php 第 406 行.
[ 2016-08-25T18:56:30+08:00 ] /WEIBO/ | NOTIC: [8192] preg_replace(): The /e modifier is deprecated, use preg_replace_callback instead ThinkTemplate.class.php 第 406 行.
[ 2016-08-25T18:56:30+08:00 ] /WEIBO/ | NOTIC: [8192] preg_replace(): The /e modifier is deprecated, use preg_replace_callback instead ThinkTemplate.class.php 第 406 行.
[ 2016-08-25T18:56:30+08:00 ] /WEIBO/ | NOTIC: [8192] preg_replace(): The /e modifier is deprecated, use preg_replace_callback instead ThinkTemplate.class.php 第 406 行.
[ 2016-08-25T18:56:30+08:00 ] /WEIBO/ | NOTIC: [8192] preg_replace(): The /e modifier is deprecated, use preg_replace_callback instead ThinkTemplate.class.php 第 406 行.
[ 2016-08-25T18:56:30+08:00 ] /WEIBO/ | NOTIC: [8192] preg_replace(): The /e modifier is deprecated, use preg_replace_callback instead ThinkTemplate.class.php 第 406 行.
[ 2016-08-25T18:56:30+08:00 ] /WEIBO/ | NOTIC: [8192] preg_replace(): The /e modifier is deprecated, use preg_replace_callback instead ThinkTemplate.class.php 第 406 行.
[ 2016-08-25T18:56:30+08:00 ] /WEIBO/ | NOTIC: [8192] preg_replace(): The /e modifier is deprecated, use preg_replace_callback instead ThinkTemplate.class.php 第 406 行.
[ 2016-08-25T18:56:30+08:00 ] /WEIBO/ | NOTIC: [8192] preg_replace(): The /e modifier is deprecated, use preg_replace_callback instead ThinkTemplate.class.php 第 406 行.
[ 2016-08-25T18:56:30+08:00 ] /WEIBO/ | NOTIC: [8192] preg_replace(): The /e modifier is deprecated, use preg_replace_callback instead ThinkTemplate.class.php 第 406 行.
[ 2016-08-25T18:56:30+08:00 ] /WEIBO/ | NOTIC: [8192] preg_replace(): The /e modifier is deprecated, use preg_replace_callback instead ThinkTemplate.class.php 第 406 行.
[ 2016-08-25T18:56:30+08:00 ] /WEIBO/ | NOTIC: [8192] preg_replace(): The /e modifier is deprecated, use preg_replace_callback instead ThinkTemplate.class.php 第 406 行.
[ 2016-08-25T18:56:30+08:00 ] /WEIBO/ | NOTIC: [8192] preg_replace(): The /e modifier is deprecated, use preg_replace_callback instead ThinkTemplate.class.php 第 406 行.
[ 2016-08-25T18:56:30+08:00 ] /WEIBO/ | NOTIC: [8192] preg_replace(): The /e modifier is deprecated, use preg_replace_callback instead ThinkTemplate.class.php 第 406 行.
[ 2016-08-25T18:56:30+08:00 ] /WEIBO/ | NOTIC: [8192] preg_replace(): The /e modifier is deprecated, use preg_replace_callback instead ThinkTemplate.class.php 第 406 行.
[ 2016-08-25T18:56:30+08:00 ] /WEIBO/ | NOTIC: [8192] preg_replace(): The /e modifier is deprecated, use preg_replace_callback instead ThinkTemplate.class.php 第 406 行.
[ 2016-08-25T18:56:30+08:00 ] /WEIBO/ | NOTIC: [8192] preg_replace(): The /e modifier is deprecated, use preg_replace_callback instead ThinkTemplate.class.php 第 406 行.
[ 2016-08-25T18:56:30+08:00 ] /WEIBO/ | NOTIC: [8192] preg_replace(): The /e modifier is deprecated, use preg_replace_callback instead ThinkTemplate.class.php 第 406 行.
[ 2016-08-25T18:56:30+08:00 ] /WEIBO/ | NOTIC: [8192] preg_replace(): The /e modifier is deprecated, use preg_replace_callback instead ThinkTemplate.class.php 第 406 行.
[ 2016-08-25T18:56:30+08:00 ] /WEIBO/ | NOTIC: [8192] preg_replace(): The /e modifier is deprecated, use preg_replace_callback instead ThinkTemplate.class.php 第 406 行.
[ 2016-08-25T18:56:30+08:00 ] /WEIBO/ | NOTIC: [8192] preg_replace(): The /e modifier is deprecated, use preg_replace_callback instead ThinkTemplate.class.php 第 406 行.
[ 2016-08-25T18:56:30+08:00 ] /WEIBO/ | NOTIC: [8192] preg_replace(): The /e modifier is deprecated, use preg_replace_callback instead ThinkTemplate.class.php 第 406 行.
[ 2016-08-25T18:56:30+08:00 ] /WEIBO/ | NOTIC: [8192] preg_replace(): The /e modifier is deprecated, use preg_replace_callback instead ThinkTemplate.class.php 第 406 行.
[ 2016-08-25T18:56:30+08:00 ] /WEIBO/ | NOTIC: [8192] preg_replace(): The /e modifier is deprecated, use preg_replace_callback instead ThinkTemplate.class.php 第 406 行.
[ 2016-08-25T18:56:30+08:00 ] /WEIBO/ | NOTIC: [8192] preg_replace(): The /e modifier is deprecated, use preg_replace_callback instead ThinkTemplate.class.php 第 406 行.
[ 2016-08-25T18:56:30+08:00 ] /WEIBO/ | NOTIC: [8192] preg_replace(): The /e modifier is deprecated, use preg_replace_callback instead ThinkTemplate.class.php 第 406 行.
[ 2016-08-25T18:56:30+08:00 ] /WEIBO/ | NOTIC: [8192] preg_replace(): The /e modifier is deprecated, use preg_replace_callback instead ThinkTemplate.class.php 第 406 行.
[ 2016-08-25T18:56:30+08:00 ] /WEIBO/ | NOTIC: [8192] preg_replace(): The /e modifier is deprecated, use preg_replace_callback instead ThinkTemplate.class.php 第 406 行.
[ 2016-08-25T18:56:30+08:00 ] /WEIBO/ | NOTIC: [8192] preg_replace(): The /e modifier is deprecated, use preg_replace_callback instead ThinkTemplate.class.php 第 406 行.
[ 2016-08-25T18:56:30+08:00 ] /WEIBO/ | NOTIC: [8192] preg_replace(): The /e modifier is deprecated, use preg_replace_callback instead ThinkTemplate.class.php 第 406 行.
[ 2016-08-25T18:56:30+08:00 ] /WEIBO/ | NOTIC: [8192] preg_replace(): The /e modifier is deprecated, use preg_replace_callback instead ThinkTemplate.class.php 第 406 行.
[ 2016-08-25T18:56:30+08:00 ] /WEIBO/ | NOTIC: [8192] preg_replace(): The /e modifier is deprecated, use preg_replace_callback instead ThinkTemplate.class.php 第 406 行.
[ 2016-08-25T18:56:30+08:00 ] /WEIBO/ | NOTIC: [8192] preg_replace(): The /e modifier is deprecated, use preg_replace_callback instead ThinkTemplate.class.php 第 406 行.
[ 2016-08-25T18:56:30+08:00 ] /WEIBO/ | NOTIC: [8192] preg_replace(): The /e modifier is deprecated, use preg_replace_callback instead ThinkTemplate.class.php 第 406 行.
[ 2016-08-25T18:56:30+08:00 ] /WEIBO/ | NOTIC: [8192] preg_replace(): The /e modifier is deprecated, use preg_replace_callback instead ThinkTemplate.class.php 第 406 行.
[ 2016-08-25T18:56:30+08:00 ] /WEIBO/ | NOTIC: [8192] preg_replace(): The /e modifier is deprecated, use preg_replace_callback instead ThinkTemplate.class.php 第 406 行.
[ 2016-08-25T18:56:30+08:00 ] /WEIBO/ | NOTIC: [8192] preg_replace(): The /e modifier is deprecated, use preg_replace_callback instead ThinkTemplate.class.php 第 406 行.
[ 2016-08-25T18:56:30+08:00 ] /WEIBO/ | NOTIC: [8192] preg_replace(): The /e modifier is deprecated, use preg_replace_callback instead ThinkTemplate.class.php 第 406 行.
[ 2016-08-25T18:56:30+08:00 ] /WEIBO/ | NOTIC: [8192] preg_replace(): The /e modifier is deprecated, use preg_replace_callback instead ThinkTemplate.class.php 第 406 行.
[ 2016-08-25T18:56:30+08:00 ] /WEIBO/ | NOTIC: [8192] preg_replace(): The /e modifier is deprecated, use preg_replace_callback instead ThinkTemplate.class.php 第 406 行.
[ 2016-08-25T18:56:30+08:00 ] /WEIBO/ | NOTIC: [8192] preg_replace(): The /e modifier is deprecated, use preg_replace_callback instead ThinkTemplate.class.php 第 406 行.
[ 2016-08-25T18:56:30+08:00 ] /WEIBO/ | NOTIC: [8192] preg_replace(): The /e modifier is deprecated, use preg_replace_callback instead ThinkTemplate.class.php 第 406 行.
[ 2016-08-25T18:56:30+08:00 ] /WEIBO/ | NOTIC: [8192] preg_replace(): The /e modifier is deprecated, use preg_replace_callback instead ThinkTemplate.class.php 第 406 行.
[ 2016-08-25T18:56:30+08:00 ] /WEIBO/ | NOTIC: [8192] preg_replace(): The /e modifier is deprecated, use preg_replace_callback instead ThinkTemplate.class.php 第 406 行.
[ 2016-08-25T18:56:30+08:00 ] /WEIBO/ | NOTIC: [8192] preg_replace(): The /e modifier is deprecated, use preg_replace_callback instead ThinkTemplate.class.php 第 406 行.
[ 2016-08-25T18:56:30+08:00 ] /WEIBO/ | NOTIC: [8192] preg_replace(): The /e modifier is deprecated, use preg_replace_callback instead ThinkTemplate.class.php 第 406 行.
[ 2016-08-25T18:56:30+08:00 ] /WEIBO/ | NOTIC: [8192] preg_replace(): The /e modifier is deprecated, use preg_replace_callback instead ThinkTemplate.class.php 第 406 行.
[ 2016-08-25T18:56:30+08:00 ] /WEIBO/ | NOTIC: [8192] preg_replace(): The /e modifier is deprecated, use preg_replace_callback instead ThinkTemplate.class.php 第 406 行.
[ 2016-08-25T18:56:30+08:00 ] /WEIBO/ | NOTIC: [8192] preg_replace(): The /e modifier is deprecated, use preg_replace_callback instead ThinkTemplate.class.php 第 406 行.
[ 2016-08-25T18:56:30+08:00 ] /WEIBO/ | NOTIC: [8192] preg_replace(): The /e modifier is deprecated, use preg_replace_callback instead ThinkTemplate.class.php 第 406 行.
[ 2016-08-25T18:56:30+08:00 ] /WEIBO/ | NOTIC: [8192] preg_replace(): The /e modifier is deprecated, use preg_replace_callback instead ThinkTemplate.class.php 第 406 行.
[ 2016-08-25T18:56:30+08:00 ] /WEIBO/ | NOTIC: [8192] preg_replace(): The /e modifier is deprecated, use preg_replace_callback instead ThinkTemplate.class.php 第 406 行.
[ 2016-08-25T18:56:30+08:00 ] /WEIBO/ | NOTIC: [8192] preg_replace(): The /e modifier is deprecated, use preg_replace_callback instead ThinkTemplate.class.php 第 406 行.
[ 2016-08-25T18:56:30+08:00 ] /WEIBO/ | NOTIC: [8192] preg_replace(): The /e modifier is deprecated, use preg_replace_callback instead ThinkTemplate.class.php 第 406 行.
[ 2016-08-25T18:56:30+08:00 ] /WEIBO/ | NOTIC: [8192] preg_replace(): The /e modifier is deprecated, use preg_replace_callback instead ThinkTemplate.class.php 第 406 行.
[ 2016-08-25T18:56:30+08:00 ] /WEIBO/ | NOTIC: [8192] preg_replace(): The /e modifier is deprecated, use preg_replace_callback instead ThinkTemplate.class.php 第 406 行.
[ 2016-08-25T18:56:30+08:00 ] /WEIBO/ | NOTIC: [8192] preg_replace(): The /e modifier is deprecated, use preg_replace_callback instead ThinkTemplate.class.php 第 406 行.
[ 2016-08-25T18:56:30+08:00 ] /WEIBO/ | NOTIC: [8192] preg_replace(): The /e modifier is deprecated, use preg_replace_callback instead ThinkTemplate.class.php 第 402 行.
[ 2016-08-25T18:56:30+08:00 ] /WEIBO/ | NOTIC: [8192] preg_replace(): The /e modifier is deprecated, use preg_replace_callback instead ThinkTemplate.class.php 第 402 行.
[ 2016-08-25T18:56:30+08:00 ] /WEIBO/ | NOTIC: [8192] preg_replace(): The /e modifier is deprecated, use preg_replace_callback instead ThinkTemplate.class.php 第 402 行.
[ 2016-08-25T18:56:30+08:00 ] /WEIBO/ | NOTIC: [8192] preg_replace(): The /e modifier is deprecated, use preg_replace_callback instead ThinkTemplate.class.php 第 402 行.
[ 2016-08-25T18:56:30+08:00 ] /WEIBO/ | NOTIC: [8192] preg_replace(): The /e modifier is deprecated, use preg_replace_callback instead ThinkTemplate.class.php 第 402 行.
[ 2016-08-25T18:56:30+08:00 ] /WEIBO/ | NOTIC: [8192] preg_replace(): The /e modifier is deprecated, use preg_replace_callback instead ThinkTemplate.class.php 第 402 行.
[ 2016-08-25T18:56:30+08:00 ] /WEIBO/ | NOTIC: [8192] preg_replace(): The /e modifier is deprecated, use preg_replace_callback instead ThinkTemplate.class.php 第 406 行.
[ 2016-08-25T18:56:30+08:00 ] /WEIBO/ | NOTIC: [8192] preg_replace(): The /e modifier is deprecated, use preg_replace_callback instead ThinkTemplate.class.php 第 406 行.
[ 2016-08-25T18:56:30+08:00 ] /WEIBO/ | NOTIC: [8192] preg_replace(): The /e modifier is deprecated, use preg_replace_callback instead ThinkTemplate.class.php 第 406 行.
[ 2016-08-25T18:56:30+08:00 ] /WEIBO/ | NOTIC: [8192] preg_replace(): The /e modifier is deprecated, use preg_replace_callback instead ThinkTemplate.class.php 第 220 行.
[ 2016-08-25T18:56:30+08:00 ] /WEIBO/ | NOTIC: [8192] preg_replace(): The /e modifier is deprecated, use preg_replace_callback instead ThinkTemplate.class.php 第 406 行.
[ 2016-08-25T18:56:30+08:00 ] /WEIBO/ | NOTIC: [8192] preg_replace(): The /e modifier is deprecated, use preg_replace_callback instead ThinkTemplate.class.php 第 406 行.
[ 2016-08-25T18:56:30+08:00 ] /WEIBO/ | NOTIC: [8192] preg_replace(): The /e modifier is deprecated, use preg_replace_callback instead ThinkTemplate.class.php 第 406 行.
[ 2016-08-25T18:56:30+08:00 ] /WEIBO/ | NOTIC: [8192] preg_replace(): The /e modifier is deprecated, use preg_replace_callback instead ThinkTemplate.class.php 第 406 行.
[ 2016-08-25T18:56:30+08:00 ] /WEIBO/ | NOTIC: [8192] preg_replace(): The /e modifier is deprecated, use preg_replace_callback instead ThinkTemplate.class.php 第 402 行.
[ 2016-08-25T18:56:30+08:00 ] /WEIBO/ | NOTIC: [8192] preg_replace(): The /e modifier is deprecated, use preg_replace_callback instead ThinkTemplate.class.php 第 402 行.
[ 2016-08-25T18:56:30+08:00 ] /WEIBO/ | NOTIC: [8192] preg_replace(): The /e modifier is deprecated, use preg_replace_callback instead ThinkTemplate.class.php 第 406 行.
[ 2016-08-25T18:56:30+08:00 ] /WEIBO/ | NOTIC: [8192] preg_replace(): The /e modifier is deprecated, use preg_replace_callback instead ThinkTemplate.class.php 第 406 行.
[ 2016-08-25T18:56:30+08:00 ] /WEIBO/ | NOTIC: [8192] preg_replace(): The /e modifier is deprecated, use preg_replace_callback instead ThinkTemplate.class.php 第 406 行.
[ 2016-08-25T18:56:30+08:00 ] /WEIBO/ | NOTIC: [8192] preg_replace(): The /e modifier is deprecated, use preg_replace_callback instead ThinkTemplate.class.php 第 402 行.
[ 2016-08-25T18:56:30+08:00 ] /WEIBO/ | NOTIC: [8192] preg_replace(): The /e modifier is deprecated, use preg_replace_callback instead ThinkTemplate.class.php 第 406 行.
[ 2016-08-25T18:56:30+08:00 ] /WEIBO/ | NOTIC: [8192] preg_replace(): The /e modifier is deprecated, use preg_replace_callback instead ThinkTemplate.class.php 第 406 行.
[ 2016-08-25T18:56:30+08:00 ] /WEIBO/ | NOTIC: [8192] preg_replace(): The /e modifier is deprecated, use preg_replace_callback instead ThinkTemplate.class.php 第 406 行.
[ 2016-08-25T18:56:30+08:00 ] /WEIBO/ | NOTIC: [8192] preg_replace(): The /e modifier is deprecated, use preg_replace_callback instead ThinkTemplate.class.php 第 406 行.
[ 2016-08-25T18:56:30+08:00 ] /WEIBO/ | NOTIC: [8192] preg_replace(): The /e modifier is deprecated, use preg_replace_callback instead ThinkTemplate.class.php 第 406 行.
[ 2016-08-25T18:56:30+08:00 ] /WEIBO/ | NOTIC: [8192] preg_replace(): The /e modifier is deprecated, use preg_replace_callback instead ThinkTemplate.class.php 第 406 行.
[ 2016-08-25T18:56:30+08:00 ] /WEIBO/ | NOTIC: [8192] preg_replace(): The /e modifier is deprecated, use preg_replace_callback instead ThinkTemplate.class.php 第 406 行.
[ 2016-08-25T18:56:30+08:00 ] /WEIBO/ | NOTIC: [8192] preg_replace(): The /e modifier is deprecated, use preg_replace_callback instead ThinkTemplate.class.php 第 406 行.
[ 2016-08-25T18:56:30+08:00 ] /WEIBO/ | NOTIC: [8192] preg_replace(): The /e modifier is deprecated, use preg_replace_callback instead ThinkTemplate.class.php 第 406 行.
[ 2016-08-25T18:56:30+08:00 ] /WEIBO/ | NOTIC: [8192] preg_replace(): The /e modifier is deprecated, use preg_replace_callback instead ThinkTemplate.class.php 第 406 行.
[ 2016-08-25T18:56:30+08:00 ] /WEIBO/ | NOTIC: [8192] preg_replace(): The /e modifier is deprecated, use preg_replace_callback instead ThinkTemplate.class.php 第 406 行.
[ 2016-08-25T18:56:30+08:00 ] /WEIBO/ | NOTIC: [8192] preg_replace(): The /e modifier is deprecated, use preg_replace_callback instead ThinkTemplate.class.php 第 406 行.
[ 2016-08-25T18:56:30+08:00 ] /WEIBO/ | NOTIC: [8192] preg_replace(): The /e modifier is deprecated, use preg_replace_callback instead ThinkTemplate.class.php 第 406 行.
[ 2016-08-25T18:56:30+08:00 ] /WEIBO/ | NOTIC: [8192] preg_replace(): The /e modifier is deprecated, use preg_replace_callback instead ThinkTemplate.class.php 第 406 行.
[ 2016-08-25T18:56:30+08:00 ] /WEIBO/ | NOTIC: [8192] preg_replace(): The /e modifier is deprecated, use preg_replace_callback instead ThinkTemplate.class.php 第 406 行.
[ 2016-08-25T18:56:30+08:00 ] /WEIBO/ | NOTIC: [8192] preg_replace(): The /e modifier is deprecated, use preg_replace_callback instead ThinkTemplate.class.php 第 406 行.
[ 2016-08-25T18:56:30+08:00 ] /WEIBO/ | NOTIC: [8192] preg_replace(): The /e modifier is deprecated, use preg_replace_callback instead ThinkTemplate.class.php 第 406 行.
[ 2016-08-25T18:56:30+08:00 ] /WEIBO/ | NOTIC: [8192] preg_replace(): The /e modifier is deprecated, use preg_replace_callback instead ThinkTemplate.class.php 第 406 行.
[ 2016-08-25T18:56:30+08:00 ] /WEIBO/ | NOTIC: [8192] preg_replace(): The /e modifier is deprecated, use preg_replace_callback instead ThinkTemplate.class.php 第 406 行.
[ 2016-08-25T18:56:30+08:00 ] /WEIBO/ | NOTIC: [8192] preg_replace(): The /e modifier is deprecated, use preg_replace_callback instead ThinkTemplate.class.php 第 406 行.
[ 2016-08-25T18:56:30+08:00 ] /WEIBO/ | NOTIC: [8192] preg_replace(): The /e modifier is deprecated, use preg_replace_callback instead ThinkTemplate.class.php 第 406 行.
[ 2016-08-25T18:56:30+08:00 ] /WEIBO/ | NOTIC: [8192] preg_replace(): The /e modifier is deprecated, use preg_replace_callback instead ThinkTemplate.class.php 第 406 行.
[ 2016-08-25T18:56:30+08:00 ] /WEIBO/ | NOTIC: [8192] preg_replace(): The /e modifier is deprecated, use preg_replace_callback instead ThinkTemplate.class.php 第 406 行.
[ 2016-08-25T18:56:30+08:00 ] /WEIBO/ | NOTIC: [8192] preg_replace(): The /e modifier is deprecated, use preg_replace_callback instead ThinkTemplate.class.php 第 406 行.
[ 2016-08-25T18:56:30+08:00 ] /WEIBO/ | NOTIC: [8192] preg_replace(): The /e modifier is deprecated, use preg_replace_callback instead ThinkTemplate.class.php 第 406 行.
[ 2016-08-25T18:56:30+08:00 ] /WEIBO/ | NOTIC: [8192] preg_replace(): The /e modifier is deprecated, use preg_replace_callback instead ThinkTemplate.class.php 第 406 行.
[ 2016-08-25T18:56:30+08:00 ] /WEIBO/ | NOTIC: [8192] preg_replace(): The /e modifier is deprecated, use preg_replace_callback instead ThinkTemplate.class.php 第 406 行.
[ 2016-08-25T18:56:30+08:00 ] /WEIBO/ | NOTIC: [8192] preg_replace(): The /e modifier is deprecated, use preg_replace_callback instead ThinkTemplate.class.php 第 406 行.
[ 2016-08-25T18:56:30+08:00 ] /WEIBO/ | NOTIC: [8192] preg_replace(): The /e modifier is deprecated, use preg_replace_callback instead ThinkTemplate.class.php 第 406 行.
[ 2016-08-25T18:56:30+08:00 ] /WEIBO/ | NOTIC: [8192] preg_replace(): The /e modifier is deprecated, use preg_replace_callback instead ThinkTemplate.class.php 第 406 行.
[ 2016-08-25T18:56:30+08:00 ] /WEIBO/ | NOTIC: [8192] preg_replace(): The /e modifier is deprecated, use preg_replace_callback instead ThinkTemplate.class.php 第 406 行.
[ 2016-08-25T18:56:30+08:00 ] /WEIBO/ | NOTIC: [8192] preg_replace(): The /e modifier is deprecated, use preg_replace_callback instead ThinkTemplate.class.php 第 406 行.
[ 2016-08-25T18:56:30+08:00 ] /WEIBO/ | NOTIC: [8192] preg_replace(): The /e modifier is deprecated, use preg_replace_callback instead ThinkTemplate.class.php 第 406 行.
[ 2016-08-25T18:56:30+08:00 ] /WEIBO/ | NOTIC: [8192] preg_replace(): The /e modifier is deprecated, use preg_replace_callback instead ThinkTemplate.class.php 第 406 行.
[ 2016-08-25T18:56:30+08:00 ] /WEIBO/ | NOTIC: [8192] preg_replace(): The /e modifier is deprecated, use preg_replace_callback instead ThinkTemplate.class.php 第 406 行.
[ 2016-08-25T18:56:30+08:00 ] /WEIBO/ | NOTIC: [8192] preg_replace(): The /e modifier is deprecated, use preg_replace_callback instead ThinkTemplate.class.php 第 406 行.
[ 2016-08-25T18:56:30+08:00 ] /WEIBO/ | NOTIC: [8192] preg_replace(): The /e modifier is deprecated, use preg_replace_callback instead ThinkTemplate.class.php 第 406 行.
[ 2016-08-25T18:56:30+08:00 ] /WEIBO/ | NOTIC: [8192] preg_replace(): The /e modifier is deprecated, use preg_replace_callback instead ThinkTemplate.class.php 第 406 行.
[ 2016-08-25T18:56:30+08:00 ] /WEIBO/ | NOTIC: [8192] preg_replace(): The /e modifier is deprecated, use preg_replace_callback instead ThinkTemplate.class.php 第 406 行.
[ 2016-08-25T18:56:30+08:00 ] /WEIBO/ | NOTIC: [8192] preg_replace(): The /e modifier is deprecated, use preg_replace_callback instead ThinkTemplate.class.php 第 406 行.
[ 2016-08-25T18:56:30+08:00 ] /WEIBO/ | NOTIC: [8192] preg_replace(): The /e modifier is deprecated, use preg_replace_callback instead ThinkTemplate.class.php 第 406 行.
[ 2016-08-25T18:56:30+08:00 ] /WEIBO/ | NOTIC: [8192] preg_replace(): The /e modifier is deprecated, use preg_replace_callback instead ThinkTemplate.class.php 第 406 行.
[ 2016-08-25T18:56:30+08:00 ] /WEIBO/ | NOTIC: [8192] preg_replace(): The /e modifier is deprecated, use preg_replace_callback instead ThinkTemplate.class.php 第 406 行.
[ 2016-08-25T18:56:30+08:00 ] /WEIBO/ | NOTIC: [8192] preg_replace(): The /e modifier is deprecated, use preg_replace_callback instead ThinkTemplate.class.php 第 406 行.
[ 2016-08-25T18:56:30+08:00 ] /WEIBO/ | NOTIC: [8192] preg_replace(): The /e modifier is deprecated, use preg_replace_callback instead ThinkTemplate.class.php 第 406 行.
[ 2016-08-25T18:56:30+08:00 ] /WEIBO/ | NOTIC: [8192] preg_replace(): The /e modifier is deprecated, use preg_replace_callback instead ThinkTemplate.class.php 第 406 行.
[ 2016-08-25T18:56:30+08:00 ] /WEIBO/ | NOTIC: [8192] preg_replace(): The /e modifier is deprecated, use preg_replace_callback instead ThinkTemplate.class.php 第 406 行.
[ 2016-08-25T18:56:30+08:00 ] /WEIBO/ | NOTIC: [8192] preg_replace(): The /e modifier is deprecated, use preg_replace_callback instead ThinkTemplate.class.php 第 406 行.
[ 2016-08-25T18:56:30+08:00 ] /WEIBO/ | NOTIC: [8192] preg_replace(): The /e modifier is deprecated, use preg_replace_callback instead ThinkTemplate.class.php 第 406 行.
[ 2016-08-25T18:56:30+08:00 ] /WEIBO/ | NOTIC: [8192] preg_replace(): The /e modifier is deprecated, use preg_replace_callback instead ThinkTemplate.class.php 第 406 行.
[ 2016-08-25T18:56:30+08:00 ] /WEIBO/ | NOTIC: [8192] preg_replace(): The /e modifier is deprecated, use preg_replace_callback instead ThinkTemplate.class.php 第 406 行.
[ 2016-08-25T18:56:30+08:00 ] /WEIBO/ | NOTIC: [8192] preg_replace(): The /e modifier is deprecated, use preg_replace_callback instead ThinkTemplate.class.php 第 406 行.
[ 2016-08-25T18:56:30+08:00 ] /WEIBO/ | NOTIC: [8192] preg_replace(): The /e modifier is deprecated, use preg_replace_callback instead ThinkTemplate.class.php 第 406 行.
[ 2016-08-25T18:56:30+08:00 ] /WEIBO/ | NOTIC: [8192] preg_replace(): The /e modifier is deprecated, use preg_replace_callback instead ThinkTemplate.class.php 第 406 行.
[ 2016-08-25T18:56:30+08:00 ] /WEIBO/ | NOTIC: [8192] preg_replace(): The /e modifier is deprecated, use preg_replace_callback instead ThinkTemplate.class.php 第 406 行.
[ 2016-08-25T18:56:30+08:00 ] /WEIBO/ | NOTIC: [8192] preg_replace(): The /e modifier is deprecated, use preg_replace_callback instead ThinkTemplate.class.php 第 406 行.
[ 2016-08-25T18:56:30+08:00 ] /WEIBO/ | NOTIC: [8192] preg_replace(): The /e modifier is deprecated, use preg_replace_callback instead ThinkTemplate.class.php 第 406 行.
[ 2016-08-25T18:56:30+08:00 ] /WEIBO/ | NOTIC: [8192] preg_replace(): The /e modifier is deprecated, use preg_replace_callback instead ThinkTemplate.class.php 第 406 行.
[ 2016-08-25T18:56:30+08:00 ] /WEIBO/ | NOTIC: [8192] preg_replace(): The /e modifier is deprecated, use preg_replace_callback instead ThinkTemplate.class.php 第 406 行.
[ 2016-08-25T18:56:30+08:00 ] /WEIBO/ | NOTIC: [8192] preg_replace(): The /e modifier is deprecated, use preg_replace_callback instead ThinkTemplate.class.php 第 406 行.
[ 2016-08-25T18:56:30+08:00 ] /WEIBO/ | NOTIC: [8192] preg_replace(): The /e modifier is deprecated, use preg_replace_callback instead ThinkTemplate.class.php 第 406 行.
[ 2016-08-25T18:56:30+08:00 ] /WEIBO/ | NOTIC: [8192] preg_replace(): The /e modifier is deprecated, use preg_replace_callback instead ThinkTemplate.class.php 第 406 行.
[ 2016-08-25T18:56:30+08:00 ] /WEIBO/ | NOTIC: [8192] preg_replace(): The /e modifier is deprecated, use preg_replace_callback instead ThinkTemplate.class.php 第 406 行.
[ 2016-08-25T18:56:30+08:00 ] /WEIBO/ | NOTIC: [8192] preg_replace(): The /e modifier is deprecated, use preg_replace_callback instead ThinkTemplate.class.php 第 406 行.
[ 2016-08-25T18:56:30+08:00 ] /WEIBO/ | NOTIC: [8192] preg_replace(): The /e modifier is deprecated, use preg_replace_callback instead ThinkTemplate.class.php 第 406 行.
[ 2016-08-25T18:56:30+08:00 ] /WEIBO/ | NOTIC: [8192] preg_replace(): The /e modifier is deprecated, use preg_replace_callback instead ThinkTemplate.class.php 第 406 行.
[ 2016-08-25T18:56:30+08:00 ] /WEIBO/ | NOTIC: [8192] preg_replace(): The /e modifier is deprecated, use preg_replace_callback instead ThinkTemplate.class.php 第 402 行.
[ 2016-08-25T18:56:30+08:00 ] /WEIBO/ | NOTIC: [8192] preg_replace(): The /e modifier is deprecated, use preg_replace_callback instead ThinkTemplate.class.php 第 402 行.
[ 2016-08-25T18:56:30+08:00 ] /WEIBO/ | NOTIC: [8192] preg_replace(): The /e modifier is deprecated, use preg_replace_callback instead ThinkTemplate.class.php 第 402 行.
[ 2016-08-25T18:56:30+08:00 ] /WEIBO/ | NOTIC: [8192] preg_replace(): The /e modifier is deprecated, use preg_replace_callback instead ThinkTemplate.class.php 第 402 行.
[ 2016-08-25T18:56:30+08:00 ] /WEIBO/ | NOTIC: [8192] preg_replace(): The /e modifier is deprecated, use preg_replace_callback instead ThinkTemplate.class.php 第 402 行.
[ 2016-08-25T18:56:30+08:00 ] /WEIBO/ | NOTIC: [8192] preg_replace(): The /e modifier is deprecated, use preg_replace_callback instead ThinkTemplate.class.php 第 402 行.
[ 2016-08-25T18:56:30+08:00 ] /WEIBO/ | NOTIC: [8192] preg_replace(): The /e modifier is deprecated, use preg_replace_callback instead ThinkTemplate.class.php 第 406 行.
[ 2016-08-25T18:56:30+08:00 ] /WEIBO/ | NOTIC: [8192] preg_replace(): The /e modifier is deprecated, use preg_replace_callback instead ThinkTemplate.class.php 第 406 行.
[ 2016-08-25T18:56:30+08:00 ] /WEIBO/ | NOTIC: [8192] preg_replace(): The /e modifier is deprecated, use preg_replace_callback instead ThinkTemplate.class.php 第 406 行.
[ 2016-08-25T18:56:30+08:00 ] /WEIBO/ | NOTIC: [8192] preg_replace(): The /e modifier is deprecated, use preg_replace_callback instead ThinkTemplate.class.php 第 220 行.
[ 2016-08-25T18:56:30+08:00 ] /WEIBO/ | NOTIC: [8192] preg_replace(): The /e modifier is deprecated, use preg_replace_callback instead ThinkTemplate.class.php 第 154 行.
[ 2016-08-25T18:56:30+08:00 ] /WEIBO/ | NOTIC: [8192] mysql_connect(): The mysql extension is deprecated and will be removed in the future: use mysqli or PDO instead DbMysql.class.php 第 67 行.
[ 2016-08-25T18:56:30+08:00 ] /WEIBO/ | SQL: SHOW COLUMNS FROM `hd_userinfo` [ RunTime:0.016701s ]
[ 2016-08-25T18:56:30+08:00 ] /WEIBO/ | NOTIC: [8] Undefined index: default DbMysql.class.php 第 276 行.
[ 2016-08-25T18:56:30+08:00 ] /WEIBO/ | NOTIC: [8] Undefined index: default DbMysql.class.php 第 276 行.
[ 2016-08-25T18:56:30+08:00 ] /WEIBO/ | NOTIC: [8] Undefined index: default DbMysql.class.php 第 276 行.
[ 2016-08-25T18:56:30+08:00 ] /WEIBO/ | NOTIC: [8] Undefined index: default DbMysql.class.php 第 276 行.
[ 2016-08-25T18:56:30+08:00 ] /WEIBO/ | NOTIC: [8] Undefined index: default DbMysql.class.php 第 276 行.
[ 2016-08-25T18:56:30+08:00 ] /WEIBO/ | NOTIC: [8] Undefined index: default DbMysql.class.php 第 276 行.
[ 2016-08-25T18:56:30+08:00 ] /WEIBO/ | NOTIC: [8] Undefined index: default DbMysql.class.php 第 276 行.
[ 2016-08-25T18:56:30+08:00 ] /WEIBO/ | NOTIC: [8] Undefined index: default DbMysql.class.php 第 276 行.
[ 2016-08-25T18:56:30+08:00 ] /WEIBO/ | NOTIC: [8] Undefined index: default DbMysql.class.php 第 276 行.
[ 2016-08-25T18:56:30+08:00 ] /WEIBO/ | NOTIC: [8] Undefined index: default DbMysql.class.php 第 276 行.
[ 2016-08-25T18:56:30+08:00 ] /WEIBO/ | NOTIC: [8] Undefined index: default DbMysql.class.php 第 276 行.
[ 2016-08-25T18:56:30+08:00 ] /WEIBO/ | NOTIC: [8] Undefined index: default DbMysql.class.php 第 276 行.
[ 2016-08-25T18:56:30+08:00 ] /WEIBO/ | NOTIC: [8] Undefined index: default DbMysql.class.php 第 276 行.
[ 2016-08-25T18:56:30+08:00 ] /WEIBO/ | NOTIC: [8] Undefined index: default DbMysql.class.php 第 276 行.
[ 2016-08-25T18:56:30+08:00 ] /WEIBO/ | NOTIC: [8] Undefined index: default DbMysql.class.php 第 276 行.
[ 2016-08-25T18:56:30+08:00 ] /WEIBO/ | NOTIC: [8192] preg_replace(): The /e modifier is deprecated, use preg_replace_callback instead Db.class.php 第 660 行.
[ 2016-08-25T18:56:30+08:00 ] /WEIBO/ | SQL: SELECT `style` FROM `hd_userinfo` WHERE ( `uid` = '1' ) LIMIT 1   [ RunTime:0.000313s ]
[ 2016-08-25T18:56:30+08:00 ] /WEIBO/ | NOTIC: [8192] preg_replace(): The /e modifier is deprecated, use preg_replace_callback instead Db.class.php 第 660 行.
[ 2016-08-25T18:56:30+08:00 ] /WEIBO/ | SQL: SELECT `username` FROM `hd_userinfo` WHERE ( `uid` = '1' ) LIMIT 1   [ RunTime:0.000351s ]
[ 2016-08-25T18:56:30+08:00 ] /WEIBO/ | SQL: SHOW COLUMNS FROM `hd_group` [ RunTime:0.005367s ]
[ 2016-08-25T18:56:30+08:00 ] /WEIBO/ | NOTIC: [8] Undefined index: default DbMysql.class.php 第 276 行.
[ 2016-08-25T18:56:30+08:00 ] /WEIBO/ | NOTIC: [8] Undefined index: default DbMysql.class.php 第 276 行.
[ 2016-08-25T18:56:30+08:00 ] /WEIBO/ | NOTIC: [8] Undefined index: default DbMysql.class.php 第 276 行.
[ 2016-08-25T18:56:30+08:00 ] /WEIBO/ | NOTIC: [8192] preg_replace(): The /e modifier is deprecated, use preg_replace_callback instead Db.class.php 第 660 行.
[ 2016-08-25T18:56:30+08:00 ] /WEIBO/ | SQL: SELECT * FROM `hd_group` WHERE ( `uid` = '1' )  [ RunTime:0.000306s ]
[ 2016-08-25T18:56:30+08:00 ] /WEIBO/ | NOTIC: [8192] preg_replace(): The /e modifier is deprecated, use preg_replace_callback instead Db.class.php 第 660 行.
[ 2016-08-25T18:56:30+08:00 ] /WEIBO/ | SQL: SELECT * FROM `hd_group` WHERE ( `uid` = '1' )  [ RunTime:0.000244s ]
[ 2016-08-25T18:56:30+08:00 ] /WEIBO/ | NOTIC: [8] Undefined variable: weibo e9ca3d00a40c8a0e158f18fe2252bc69.php 第 218 行.
[ 2016-08-25T18:56:30+08:00 ] /WEIBO/ | NOTIC: [8] Undefined variable: page e9ca3d00a40c8a0e158f18fe2252bc69.php 第 413 行.
[ 2016-08-25T18:56:30+08:00 ] /WEIBO/ | NOTIC: [8] Undefined variable: uid e9ca3d00a40c8a0e158f18fe2252bc69.php 第 421 行.
[ 2016-08-25T18:56:30+08:00 ] /WEIBO/ | NOTIC: [8] Undefined variable: face e9ca3d00a40c8a0e158f18fe2252bc69.php 第 422 行.
[ 2016-08-25T18:56:30+08:00 ] /WEIBO/ | NOTIC: [8] Undefined variable: username e9ca3d00a40c8a0e158f18fe2252bc69.php 第 422 行.
[ 2016-08-25T18:56:30+08:00 ] /WEIBO/ | NOTIC: [8] Undefined variable: uid e9ca3d00a40c8a0e158f18fe2252bc69.php 第 426 行.
[ 2016-08-25T18:56:30+08:00 ] /WEIBO/ | NOTIC: [8] Undefined variable: username e9ca3d00a40c8a0e158f18fe2252bc69.php 第 426 行.
[ 2016-08-25T18:56:30+08:00 ] /WEIBO/ | NOTIC: [8] Undefined variable: uid e9ca3d00a40c8a0e158f18fe2252bc69.php 第 430 行.
[ 2016-08-25T18:56:30+08:00 ] /WEIBO/ | NOTIC: [8] Undefined variable: follow e9ca3d00a40c8a0e158f18fe2252bc69.php 第 430 行.
[ 2016-08-25T18:56:30+08:00 ] /WEIBO/ | NOTIC: [8] Undefined variable: uid e9ca3d00a40c8a0e158f18fe2252bc69.php 第 431 行.
[ 2016-08-25T18:56:30+08:00 ] /WEIBO/ | NOTIC: [8] Undefined variable: fans e9ca3d00a40c8a0e158f18fe2252bc69.php 第 431 行.
[ 2016-08-25T18:56:30+08:00 ] /WEIBO/ | NOTIC: [8] Undefined variable: uid e9ca3d00a40c8a0e158f18fe2252bc69.php 第 433 行.
[ 2016-08-25T18:56:30+08:00 ] /WEIBO/ | NOTIC: [8] Undefined variable: weibo e9ca3d00a40c8a0e158f18fe2252bc69.php 第 433 行.
[ 2016-08-25T18:56:30+08:00 ] /WEIBO/ | NOTIC: [8] Undefined variable: uid e9ca3d00a40c8a0e158f18fe2252bc69.php 第 446 行.
[ 2016-08-25T18:56:30+08:00 ] /WEIBO/ | NOTIC: [8] Undefined variable: face e9ca3d00a40c8a0e158f18fe2252bc69.php 第 447 行.
[ 2016-08-25T18:56:30+08:00 ] /WEIBO/ | NOTIC: [8] Undefined variable: uid e9ca3d00a40c8a0e158f18fe2252bc69.php 第 450 行.
[ 2016-08-25T18:56:30+08:00 ] /WEIBO/ | NOTIC: [8] Undefined variable: username e9ca3d00a40c8a0e158f18fe2252bc69.php 第 450 行.
[ 2016-08-25T18:56:30+08:00 ] /WEIBO/ | NOTIC: [8] Undefined variable: count e9ca3d00a40c8a0e158f18fe2252bc69.php 第 451 行.
[ 2016-08-25T18:56:30+08:00 ] /WEIBO/ | NOTIC: [8] Undefined variable: uid e9ca3d00a40c8a0e158f18fe2252bc69.php 第 453 行.
[ 2016-08-25T18:56:30+08:00 ] /WEIBO/ | INFO: Run ParseTemplate Behavior [ RunTime:0.084407s ]
[ 2016-08-25T18:56:30+08:00 ] /WEIBO/ | INFO: Tag[ view_parse ] --END-- [ RunTime:0.084453s ]
[ 2016-08-25T18:56:30+08:00 ] /WEIBO/ | INFO: Tag[ view_filter ] --START--
[ 2016-08-25T18:56:30+08:00 ] /WEIBO/ | INFO: Run ContentReplace Behavior [ RunTime:0.000928s ]
[ 2016-08-25T18:56:30+08:00 ] /WEIBO/ | INFO: Run TokenBuild Behavior [ RunTime:0.000587s ]
[ 2016-08-25T18:56:30+08:00 ] /WEIBO/ | INFO: Run WriteHtmlCache Behavior [ RunTime:0.000453s ]
[ 2016-08-25T18:56:30+08:00 ] /WEIBO/ | INFO: Run ShowRuntime Behavior [ RunTime:0.000645s ]
[ 2016-08-25T18:56:30+08:00 ] /WEIBO/ | INFO: Tag[ view_filter ] --END-- [ RunTime:0.002810s ]
[ 2016-08-25T18:56:30+08:00 ] /WEIBO/ | INFO: Tag[ view_end ] --START--
[ 2016-08-25T18:56:30+08:00 ] /WEIBO/ | INFO: Run ShowPageTrace Behavior [ RunTime:0.000974s ]
[ 2016-08-25T18:56:30+08:00 ] /WEIBO/ | INFO: Tag[ view_end ] --END-- [ RunTime:0.001051s ]
[ 2016-08-25T18:56:31+08:00 ] /WEIBO/index.php/Index/getMsg | ERR: (ThinkException) 非法操作getMsg
[ 2016-08-25T18:56:32+08:00 ] /WEIBO/index.php/Search/sechUser?keyword=%E6%90%9C%E7%B4%A2%E5%BE%AE%E5%8D%9A%E3%80%81%E6%89%BE%E4%BA%BA | ERR: (ThinkException) 模板不存在[./Index/Tpl/default/Search/sechUser.html]
